{
  event = "msg_showcmd",
  kind = { { 0, ":", 0 } }
}
{ 0, ":", "", 0, 1, 0,
  event = "cmdline_show",
  kind = { { 0, "" } }
}
{ 3, ":", "", 0, 1, 0,
  event = "cmdline_show",
  kind = { { 0, "wqa" } }
}
{ true,
  event = "cmdline_hide",
  kind = 1
}
{
  event = "msg_showcmd",
  kind = {}
}
{
  event = "msg_showcmd",
  kind = { { 0, ":", 0 } }
}
{ 0, ":", "", 0, 1, 0,
  event = "cmdline_show",
  kind = { { 0, "" } }
}
{ 3, ":", "", 0, 1, 0,
  event = "cmdline_show",
  kind = { { 0, "wqa" } }
}
{ 2, ":", "", 0, 1, 0,
  event = "cmdline_show",
  kind = { { 0, "qa" } }
}
{ 12, ":", "", 0, 1, 0,
  event = "cmdline_show",
  kind = { { 0, "TSInstall go" } }
}
{ false,
  event = "cmdline_hide",
  kind = 1
}
{ 0, "", "go parser already available: would you like to reinstall ? y/n: ", 0, 1, 0,
  event = "cmdline_show",
  kind = { { 0, "" } }
}
{ 1, "", "go parser already available: would you like to reinstall ? y/n: ", 0, 1, 0,
  event = "cmdline_show",
  kind = { { 0, "g" } }
}
{ 2, "", "go parser already available: would you like to reinstall ? y/n: ", 0, 1, 0,
  event = "cmdline_show",
  kind = { { 0, "gn" } }
}
{ 3, "", "go parser already available: would you like to reinstall ? y/n: ", 0, 1, 0,
  event = "cmdline_show",
  kind = { { 0, "gnj" } }
}
{ 4, "", "go parser already available: would you like to reinstall ? y/n: ", 0, 1, 0,
  event = "cmdline_show",
  kind = { { 0, "gnjk" } }
}
{ 5, "", "go parser already available: would you like to reinstall ? y/n: ", 0, 1, 0,
  event = "cmdline_show",
  kind = { { 0, "gnjkj" } }
}
{ false,
  event = "cmdline_hide",
  kind = 1
}
{ { { 0, "\n ", 0 } }, false, true,
  event = "msg_show",
  kind = "lua_print"
}
{
  event = "msg_showcmd",
  kind = {}
}
{
  event = "msg_showcmd",
  kind = { { 0, "g", 0 } }
}
{
  event = "msg_showcmd",
  kind = {}
}
{
  event = "msg_ruler",
  kind = { { 95, "1,0-1         All", 61 } }
}
{
  event = "msg_ruler",
  kind = { { 95, "1,2           All", 61 } }
}
{
  event = "msg_ruler",
  kind = { { 95, "1,2           All", 61 } }
}
{
  event = "msg_ruler",
  kind = { { 95, "1,2           All", 61 } }
}
{
  event = "msg_ruler",
  kind = { { 95, "1,2           All", 61 } }
}
{
  event = "msg_ruler",
  kind = { { 95, "1,2           All", 61 } }
}
{
  event = "msg_ruler",
  kind = { { 95, "1,2           All", 61 } }
}
{
  event = "msg_ruler",
  kind = { { 95, "1,2           All", 61 } }
}
{
  event = "msg_ruler",
  kind = { { 95, "1,2           All", 61 } }
}
{
  event = "msg_ruler",
  kind = { { 95, "1,2           All", 61 } }
}
{
  event = "msg_ruler",
  kind = { { 95, "1,2           All", 61 } }
}
{
  event = "msg_ruler",
  kind = { { 95, "1,2           All", 61 } }
}
{
  event = "msg_ruler",
  kind = { { 95, "1,2           All", 61 } }
}
{
  event = "msg_ruler",
  kind = { { 95, "1,2           All", 61 } }
}
{
  event = "msg_ruler",
  kind = { { 95, "1,2           All", 61 } }
}
{
  event = "msg_ruler",
  kind = { { 95, "1,2           All", 61 } }
}
{
  event = "msg_ruler",
  kind = { { 95, "1,2           All", 61 } }
}
{
  event = "msg_ruler",
  kind = { { 95, "1,1           All", 61 } }
}
{
  event = "msg_showcmd",
  kind = { { 0, "j", 0 } }
}
{
  event = "msg_showcmd",
  kind = {}
}
{
  event = "msg_ruler",
  kind = { { 95, "2,1           All", 61 } }
}
{
  event = "msg_showcmd",
  kind = { { 0, "j", 0 } }
}
{
  event = "msg_showcmd",
  kind = {}
}
{
  event = "msg_ruler",
  kind = { { 95, "3,0-1         All", 61 } }
}
{
  event = "msg_showcmd",
  kind = { { 0, "j", 0 } }
}
{
  event = "msg_showcmd",
  kind = {}
}
{
  event = "msg_ruler",
  kind = { { 95, "4,1           All", 61 } }
}
{
  event = "msg_showcmd",
  kind = { { 0, "j", 0 } }
}
{
  event = "msg_showcmd",
  kind = {}
}
{
  event = "msg_ruler",
  kind = { { 95, "5,1           All", 61 } }
}
{
  event = "msg_showcmd",
  kind = { { 0, "j", 0 } }
}
{
  event = "msg_showcmd",
  kind = {}
}
{
  event = "msg_ruler",
  kind = { { 95, "6,0-1         All", 61 } }
}
{
  event = "msg_showcmd",
  kind = { { 0, "j", 0 } }
}
{
  event = "msg_showcmd",
  kind = {}
}
{
  event = "msg_ruler",
  kind = { { 95, "7,1           All", 61 } }
}
{
  event = "msg_showcmd",
  kind = { { 0, "k", 0 } }
}
{
  event = "msg_showcmd",
  kind = {}
}
{
  event = "msg_ruler",
  kind = { { 95, "6,0-1         All", 61 } }
}
{
  event = "msg_showcmd",
  kind = { { 0, "k", 0 } }
}
{
  event = "msg_showcmd",
  kind = {}
}
{
  event = "msg_ruler",
  kind = { { 95, "5,1           All", 61 } }
}
{
  event = "msg_showcmd",
  kind = { { 0, "k", 0 } }
}
{
  event = "msg_showcmd",
  kind = {}
}
{
  event = "msg_ruler",
  kind = { { 95, "4,1           All", 61 } }
}
{
  event = "msg_showcmd",
  kind = { { 0, "v", 0 } }
}
{
  event = "msg_showcmd",
  kind = { { 0, "1", 0 } }
}
{
  event = "msg_showcmd",
  kind = { { 0, "1", 0 } }
}
{
  event = "msg_ruler",
  kind = { { 95, "4,1           All", 61 } }
}
{
  event = "msg_showcmd",
  kind = { { 0, "j", 0 } }
}
{
  event = "msg_showcmd",
  kind = { { 0, "2", 0 } }
}
{
  event = "msg_showcmd",
  kind = { { 0, "2", 0 } }
}
{
  event = "msg_ruler",
  kind = { { 95, "5,1           All", 61 } }
}
{
  event = "msg_showcmd",
  kind = { { 0, "j", 0 } }
}
{
  event = "msg_showcmd",
  kind = { { 0, "3", 0 } }
}
{
  event = "msg_showcmd",
  kind = { { 0, "3", 0 } }
}
{
  event = "msg_ruler",
  kind = { { 95, "6,0-1         All", 61 } }
}
{
  event = "msg_showcmd",
  kind = { { 0, "j", 0 } }
}
{
  event = "msg_showcmd",
  kind = { { 0, "4", 0 } }
}
{
  event = "msg_showcmd",
  kind = { { 0, "4", 0 } }
}
{
  event = "msg_ruler",
  kind = { { 95, "7,1           All", 61 } }
}
{
  event = "msg_showcmd",
  kind = { { 0, "j", 0 } }
}
{
  event = "msg_showcmd",
  kind = { { 0, "5", 0 } }
}
{
  event = "msg_showcmd",
  kind = { { 0, "5", 0 } }
}
{
  event = "msg_ruler",
  kind = { { 95, "8,1-4         All", 61 } }
}
{
  event = "msg_showcmd",
  kind = { { 0, "j", 0 } }
}
{
  event = "msg_showcmd",
  kind = { { 0, "6", 0 } }
}
{
  event = "msg_showcmd",
  kind = { { 0, "6", 0 } }
}
{
  event = "msg_ruler",
  kind = { { 95, "9,1-4         All", 61 } }
}
{
  event = "msg_showcmd",
  kind = { { 0, "j", 0 } }
}
{
  event = "msg_showcmd",
  kind = { { 0, "7", 0 } }
}
{
  event = "msg_showcmd",
  kind = { { 0, "7", 0 } }
}
{
  event = "msg_ruler",
  kind = { { 95, "10,1-4        All", 61 } }
}
{
  event = "msg_showcmd",
  kind = { { 0, "j", 0 } }
}
{
  event = "msg_showcmd",
  kind = { { 0, "8", 0 } }
}
{
  event = "msg_showcmd",
  kind = { { 0, "8", 0 } }
}
{
  event = "msg_ruler",
  kind = { { 95, "11,1-4        All", 61 } }
}
{
  event = "msg_showcmd",
  kind = { { 0, "j", 0 } }
}
{
  event = "msg_showcmd",
  kind = { { 0, "9", 0 } }
}
{
  event = "msg_showcmd",
  kind = { { 0, "9", 0 } }
}
{
  event = "msg_ruler",
  kind = { { 95, "12,1-4        All", 61 } }
}
{
  event = "msg_showcmd",
  kind = { { 0, "j", 0 } }
}
{
  event = "msg_showcmd",
  kind = { { 0, "10", 0 } }
}
{
  event = "msg_showcmd",
  kind = { { 0, "10", 0 } }
}
{
  event = "msg_ruler",
  kind = { { 95, "13,1-4        All", 61 } }
}
{
  event = "msg_showcmd",
  kind = { { 0, "j", 0 } }
}
{
  event = "msg_showcmd",
  kind = { { 0, "11", 0 } }
}
{
  event = "msg_showcmd",
  kind = { { 0, "11", 0 } }
}
{
  event = "msg_ruler",
  kind = { { 95, "14,1-4        All", 61 } }
}
{
  event = "msg_showcmd",
  kind = { { 0, "j", 0 } }
}
{
  event = "msg_showcmd",
  kind = { { 0, "12", 0 } }
}
{
  event = "msg_showcmd",
  kind = { { 0, "12", 0 } }
}
{
  event = "msg_ruler",
  kind = { { 95, "15,1-4        All", 61 } }
}
{
  event = "msg_showcmd",
  kind = { { 0, "j", 0 } }
}
{
  event = "msg_showcmd",
  kind = { { 0, "13", 0 } }
}
{
  event = "msg_showcmd",
  kind = { { 0, "13", 0 } }
}
{
  event = "msg_ruler",
  kind = { { 95, "16,1-4        All", 61 } }
}
{
  event = "msg_showcmd",
  kind = { { 0, "j", 0 } }
}
{
  event = "msg_showcmd",
  kind = { { 0, "14", 0 } }
}
{
  event = "msg_showcmd",
  kind = { { 0, "14", 0 } }
}
{
  event = "msg_ruler",
  kind = { { 95, "17,1-4        All", 61 } }
}
{
  event = "msg_showcmd",
  kind = { { 0, "j", 0 } }
}
{
  event = "msg_showcmd",
  kind = { { 0, "15", 0 } }
}
{
  event = "msg_showcmd",
  kind = { { 0, "15", 0 } }
}
{
  event = "msg_ruler",
  kind = { { 95, "18,1-4        All", 61 } }
}
{
  event = "msg_showcmd",
  kind = { { 0, "j", 0 } }
}
{
  event = "msg_showcmd",
  kind = { { 0, "16", 0 } }
}
{
  event = "msg_showcmd",
  kind = { { 0, "16", 0 } }
}
{
  event = "msg_ruler",
  kind = { { 95, "19,1-4        All", 61 } }
}
{
  event = "msg_showcmd",
  kind = { { 0, "j", 0 } }
}
{
  event = "msg_showcmd",
  kind = { { 0, "17", 0 } }
}
{
  event = "msg_showcmd",
  kind = { { 0, "17", 0 } }
}
{
  event = "msg_ruler",
  kind = { { 95, "20,1-4        All", 61 } }
}
{
  event = "msg_showcmd",
  kind = { { 0, "j", 0 } }
}
{
  event = "msg_showcmd",
  kind = { { 0, "18", 0 } }
}
{
  event = "msg_showcmd",
  kind = { { 0, "18", 0 } }
}
{
  event = "msg_ruler",
  kind = { { 95, "21,1-4        All", 61 } }
}
{
  event = "msg_showcmd",
  kind = { { 0, "j", 0 } }
}
{
  event = "msg_showcmd",
  kind = { { 0, "18", 0 } }
}
{
  event = "msg_showcmd",
  kind = { { 0, "j", 0 } }
}
{
  event = "msg_showcmd",
  kind = { { 0, "18", 0 } }
}
{
  event = "msg_showcmd",
  kind = { { 0, "j", 0 } }
}
{
  event = "msg_showcmd",
  kind = { { 0, "18", 0 } }
}
{
  event = "msg_showcmd",
  kind = { { 0, "j", 0 } }
}
{
  event = "msg_showcmd",
  kind = { { 0, "18", 0 } }
}
{
  event = "msg_showcmd",
  kind = { { 0, "l", 0 } }
}
{
  event = "msg_showcmd",
  kind = { { 0, "18", 0 } }
}
{
  event = "msg_showcmd",
  kind = { { 0, "18", 0 } }
}
{
  event = "msg_ruler",
  kind = { { 95, "21,2-5        All", 61 } }
}
{
  event = "msg_showcmd",
  kind = { { 0, "l", 0 } }
}
{
  event = "msg_showcmd",
  kind = { { 0, "18", 0 } }
}
{
  event = "msg_showcmd",
  kind = { { 0, "18", 0 } }
}
{
  event = "msg_ruler",
  kind = { { 95, "21,3-6        All", 61 } }
}
{
  event = "msg_showcmd",
  kind = { { 0, "l", 0 } }
}
{
  event = "msg_showcmd",
  kind = { { 0, "18", 0 } }
}
{
  event = "msg_showcmd",
  kind = { { 0, "18", 0 } }
}
{
  event = "msg_ruler",
  kind = { { 95, "21,4-7        All", 61 } }
}
{
  event = "msg_showcmd",
  kind = { { 0, "l", 0 } }
}
{
  event = "msg_showcmd",
  kind = { { 0, "18", 0 } }
}
{
  event = "msg_showcmd",
  kind = { { 0, "18", 0 } }
}
{
  event = "msg_ruler",
  kind = { { 95, "21,5-8        All", 61 } }
}
{
  event = "msg_showcmd",
  kind = { { 0, "l", 0 } }
}
{
  event = "msg_showcmd",
  kind = { { 0, "18", 0 } }
}
{
  event = "msg_showcmd",
  kind = { { 0, "18", 0 } }
}
{
  event = "msg_ruler",
  kind = { { 95, "21,6-9        All", 61 } }
}
{
  event = "msg_showcmd",
  kind = { { 0, "l", 0 } }
}
{
  event = "msg_showcmd",
  kind = { { 0, "18", 0 } }
}
{
  event = "msg_showcmd",
  kind = { { 0, "18", 0 } }
}
{
  event = "msg_ruler",
  kind = { { 95, "21,7-10       All", 61 } }
}
{
  event = "msg_showcmd",
  kind = { { 0, "l", 0 } }
}
{
  event = "msg_showcmd",
  kind = { { 0, "18", 0 } }
}
{
  event = "msg_showcmd",
  kind = { { 0, "18", 0 } }
}
{
  event = "msg_ruler",
  kind = { { 95, "21,8-11       All", 61 } }
}
{
  event = "msg_showcmd",
  kind = { { 0, "l", 0 } }
}
{
  event = "msg_showcmd",
  kind = { { 0, "18", 0 } }
}
{
  event = "msg_showcmd",
  kind = { { 0, "18", 0 } }
}
{
  event = "msg_ruler",
  kind = { { 95, "21,9-12       All", 61 } }
}
{
  event = "msg_showcmd",
  kind = { { 0, "l", 0 } }
}
{
  event = "msg_showcmd",
  kind = { { 0, "18", 0 } }
}
{
  event = "msg_showcmd",
  kind = { { 0, "18", 0 } }
}
{
  event = "msg_ruler",
  kind = { { 95, "21,10-13      All", 61 } }
}
{
  event = "msg_showcmd",
  kind = { { 0, "l", 0 } }
}
{
  event = "msg_showcmd",
  kind = { { 0, "18", 0 } }
}
{
  event = "msg_showcmd",
  kind = { { 0, "18", 0 } }
}
{
  event = "msg_ruler",
  kind = { { 95, "21,11-14      All", 61 } }
}
{
  event = "msg_showcmd",
  kind = { { 0, "l", 0 } }
}
{
  event = "msg_showcmd",
  kind = { { 0, "18", 0 } }
}
{
  event = "msg_showcmd",
  kind = { { 0, "18", 0 } }
}
{
  event = "msg_ruler",
  kind = { { 95, "21,12-15      All", 61 } }
}
{
  event = "msg_showcmd",
  kind = { { 0, "l", 0 } }
}
{
  event = "msg_showcmd",
  kind = { { 0, "18", 0 } }
}
{
  event = "msg_showcmd",
  kind = { { 0, "18", 0 } }
}
{
  event = "msg_ruler",
  kind = { { 95, "21,13-16      All", 61 } }
}
{
  event = "msg_showcmd",
  kind = { { 0, "l", 0 } }
}
{
  event = "msg_showcmd",
  kind = { { 0, "18", 0 } }
}
{
  event = "msg_showcmd",
  kind = { { 0, "18", 0 } }
}
{
  event = "msg_ruler",
  kind = { { 95, "21,14-17      All", 61 } }
}
{
  event = "msg_showcmd",
  kind = { { 0, "l", 0 } }
}
{
  event = "msg_showcmd",
  kind = { { 0, "18", 0 } }
}
{
  event = "msg_showcmd",
  kind = { { 0, "18", 0 } }
}
{
  event = "msg_ruler",
  kind = { { 95, "21,15-18      All", 61 } }
}
{
  event = "msg_showcmd",
  kind = { { 0, "l", 0 } }
}
{
  event = "msg_showcmd",
  kind = { { 0, "18", 0 } }
}
{
  event = "msg_showcmd",
  kind = { { 0, "18", 0 } }
}
{
  event = "msg_ruler",
  kind = { { 95, "21,16-19      All", 61 } }
}
{
  event = "msg_showcmd",
  kind = { { 0, "l", 0 } }
}
{
  event = "msg_showcmd",
  kind = { { 0, "18", 0 } }
}
{
  event = "msg_showcmd",
  kind = { { 0, "18", 0 } }
}
{
  event = "msg_ruler",
  kind = { { 95, "21,17-20      All", 61 } }
}
{
  event = "msg_showcmd",
  kind = { { 0, "l", 0 } }
}
{
  event = "msg_showcmd",
  kind = { { 0, "18", 0 } }
}
{
  event = "msg_showcmd",
  kind = { { 0, "18", 0 } }
}
{
  event = "msg_ruler",
  kind = { { 95, "21,18-21      All", 61 } }
}
{
  event = "msg_showcmd",
  kind = { { 0, "l", 0 } }
}
{
  event = "msg_showcmd",
  kind = { { 0, "18", 0 } }
}
{
  event = "msg_showcmd",
  kind = { { 0, "18", 0 } }
}
{
  event = "msg_ruler",
  kind = { { 95, "21,19-22      All", 61 } }
}
{
  event = "msg_showcmd",
  kind = { { 0, "l", 0 } }
}
{
  event = "msg_showcmd",
  kind = { { 0, "18", 0 } }
}
{
  event = "msg_showcmd",
  kind = { { 0, "18", 0 } }
}
{
  event = "msg_ruler",
  kind = { { 95, "21,20-23      All", 61 } }
}
{
  event = "msg_showcmd",
  kind = { { 0, "l", 0 } }
}
{
  event = "msg_showcmd",
  kind = { { 0, "18", 0 } }
}
{
  event = "msg_showcmd",
  kind = { { 0, "18", 0 } }
}
{
  event = "msg_ruler",
  kind = { { 95, "21,21-24      All", 61 } }
}
{
  event = "msg_showcmd",
  kind = { { 0, "l", 0 } }
}
{
  event = "msg_showcmd",
  kind = { { 0, "18", 0 } }
}
{
  event = "msg_showcmd",
  kind = { { 0, "18", 0 } }
}
{
  event = "msg_ruler",
  kind = { { 95, "21,22-25      All", 61 } }
}
{
  event = "msg_showcmd",
  kind = { { 0, "l", 0 } }
}
{
  event = "msg_showcmd",
  kind = { { 0, "18", 0 } }
}
{
  event = "msg_showcmd",
  kind = { { 0, "18", 0 } }
}
{
  event = "msg_ruler",
  kind = { { 95, "21,23-26      All", 61 } }
}
{
  event = "msg_showcmd",
  kind = { { 0, "l", 0 } }
}
{
  event = "msg_showcmd",
  kind = { { 0, "18", 0 } }
}
{
  event = "msg_showcmd",
  kind = { { 0, "18", 0 } }
}
{
  event = "msg_ruler",
  kind = { { 95, "21,24-27      All", 61 } }
}
{
  event = "msg_showcmd",
  kind = { { 0, "l", 0 } }
}
{
  event = "msg_showcmd",
  kind = { { 0, "18", 0 } }
}
{
  event = "msg_showcmd",
  kind = { { 0, "18", 0 } }
}
{
  event = "msg_ruler",
  kind = { { 95, "21,25-28      All", 61 } }
}
{
  event = "msg_showcmd",
  kind = { { 0, "l", 0 } }
}
{
  event = "msg_showcmd",
  kind = { { 0, "18", 0 } }
}
{
  event = "msg_showcmd",
  kind = { { 0, "18", 0 } }
}
{
  event = "msg_ruler",
  kind = { { 95, "21,26-29      All", 61 } }
}
{
  event = "msg_showcmd",
  kind = { { 0, "l", 0 } }
}
{
  event = "msg_showcmd",
  kind = { { 0, "18", 0 } }
}
{
  event = "msg_showcmd",
  kind = { { 0, "18", 0 } }
}
{
  event = "msg_ruler",
  kind = { { 95, "21,27-30      All", 61 } }
}
{
  event = "msg_showcmd",
  kind = { { 0, "l", 0 } }
}
{
  event = "msg_showcmd",
  kind = { { 0, "18", 0 } }
}
{
  event = "msg_showcmd",
  kind = { { 0, "18", 0 } }
}
{
  event = "msg_ruler",
  kind = { { 95, "21,28-31      All", 61 } }
}
{
  event = "msg_showcmd",
  kind = { { 0, "l", 0 } }
}
{
  event = "msg_showcmd",
  kind = { { 0, "18", 0 } }
}
{
  event = "msg_showcmd",
  kind = { { 0, "18", 0 } }
}
{
  event = "msg_ruler",
  kind = { { 95, "21,29-32      All", 61 } }
}
{
  event = "msg_showcmd",
  kind = { { 0, "l", 0 } }
}
{
  event = "msg_showcmd",
  kind = { { 0, "18", 0 } }
}
{
  event = "msg_showcmd",
  kind = { { 0, "18", 0 } }
}
{
  event = "msg_ruler",
  kind = { { 95, "21,30-33      All", 61 } }
}
{
  event = "msg_showcmd",
  kind = { { 0, "l", 0 } }
}
{
  event = "msg_showcmd",
  kind = { { 0, "18", 0 } }
}
{
  event = "msg_showcmd",
  kind = { { 0, "18", 0 } }
}
{
  event = "msg_ruler",
  kind = { { 95, "21,31-34      All", 61 } }
}
{
  event = "msg_showcmd",
  kind = { { 0, "l", 0 } }
}
{
  event = "msg_showcmd",
  kind = { { 0, "18", 0 } }
}
{
  event = "msg_showcmd",
  kind = { { 0, "18", 0 } }
}
{
  event = "msg_ruler",
  kind = { { 95, "21,32-35      All", 61 } }
}
{
  event = "msg_showcmd",
  kind = { { 0, "l", 0 } }
}
{
  event = "msg_showcmd",
  kind = { { 0, "18", 0 } }
}
{
  event = "msg_showcmd",
  kind = { { 0, "18", 0 } }
}
{
  event = "msg_ruler",
  kind = { { 95, "21,33-36      All", 61 } }
}
{
  event = "msg_showcmd",
  kind = { { 0, "l", 0 } }
}
{
  event = "msg_showcmd",
  kind = { { 0, "18", 0 } }
}
{
  event = "msg_showcmd",
  kind = { { 0, "18", 0 } }
}
{
  event = "msg_ruler",
  kind = { { 95, "21,34-37      All", 61 } }
}
{
  event = "msg_showcmd",
  kind = { { 0, "l", 0 } }
}
{
  event = "msg_showcmd",
  kind = { { 0, "18", 0 } }
}
{
  event = "msg_showcmd",
  kind = { { 0, "y", 0 } }
}
{
  event = "msg_showcmd",
  kind = {}
}
{ { { 0, "18 lines yanked", 0 } }, true, true,
  event = "msg_show",
  kind = ""
}
{
  event = "msg_ruler",
  kind = { { 95, "4,1           All", 61 } }
}
{
  event = "msg_ruler",
  kind = { { 95, "4,1           All", 61 } }
}
{
  event = "msg_ruler",
  kind = { { 95, "4,1           All", 61 } }
}
{
  event = "msg_ruler",
  kind = { { 95, "4,1           All", 61 } }
}
{
  event = "msg_showcmd",
  kind = { { 0, ":", 0 } }
}
{
  event = "msg_clear"
}
{ 0, ":", "", 0, 1, 0,
  event = "cmdline_show",
  kind = { { 0, "" } }
}
{
  event = "msg_ruler",
  kind = { { 95, "4,1           All", 61 } }
}
{
  event = "msg_ruler",
  kind = { { 95, "4,1           All", 61 } }
}
{
  event = "msg_ruler",
  kind = { { 95, "4,1           All", 61 } }
}
{
  event = "msg_ruler",
  kind = { { 95, "4,1           All", 61 } }
}
{ 1, ":", "", 0, 1, 0,
  event = "cmdline_show",
  kind = { { 0, "q" } }
}
{
  event = "msg_ruler",
  kind = { { 95, "4,1           All", 61 } }
}
{ false,
  event = "cmdline_hide",
  kind = 1
}
{
  event = "msg_showcmd",
  kind = {}
}
{
  event = "msg_showcmd",
  kind = { { 0, ":", 0 } }
}
{ 0, ":", "", 0, 1, 0,
  event = "cmdline_show",
  kind = { { 0, "" } }
}
{ 19, ":", "", 0, 1, 0,
  event = "cmdline_show",
  kind = { { 0, "Lazy log noice.nvim" } }
}
{ false,
  event = "cmdline_hide",
  kind = 1
}
{
  event = "msg_showcmd",
  kind = {}
}
{
  event = "msg_ruler",
  kind = { { 95, "1,0-1         Top", 61 } }
}
{
  event = "msg_ruler",
  kind = { { 95, "1,0-1         Top", 61 } }
}
{
  event = "msg_ruler",
  kind = { { 95, "1,0-1         Top", 61 } }
}
{
  event = "msg_ruler",
  kind = { { 95, "1,0-1         Top", 61 } }
}
{
  event = "msg_showcmd",
  kind = { { 0, "j", 0 } }
}
{
  event = "msg_showcmd",
  kind = {}
}
{
  event = "msg_ruler",
  kind = { { 95, "2,1           Top", 61 } }
}
{
  event = "msg_showcmd",
  kind = { { 0, "j", 0 } }
}
{
  event = "msg_showcmd",
  kind = {}
}
{
  event = "msg_ruler",
  kind = { { 95, "3,0-1         Top", 61 } }
}
{
  event = "msg_showcmd",
  kind = { { 0, "j", 0 } }
}
{
  event = "msg_showcmd",
  kind = {}
}
{
  event = "msg_ruler",
  kind = { { 95, "4,1           Top", 61 } }
}
{
  event = "msg_showcmd",
  kind = { { 0, "j", 0 } }
}
{
  event = "msg_showcmd",
  kind = {}
}
{
  event = "msg_ruler",
  kind = { { 95, "5,0-1         Top", 61 } }
}
{
  event = "msg_showcmd",
  kind = { { 0, "j", 0 } }
}
{
  event = "msg_showcmd",
  kind = {}
}
{
  event = "msg_ruler",
  kind = { { 95, "6,1           Top", 61 } }
}
{
  event = "msg_showcmd",
  kind = { { 0, "j", 0 } }
}
{
  event = "msg_showcmd",
  kind = {}
}
{
  event = "msg_ruler",
  kind = { { 95, "7,1           Top", 61 } }
}
{
  event = "msg_ruler",
  kind = { { 95, "7,1           Top", 61 } }
}
{
  event = "msg_ruler",
  kind = { { 95, "7,1           Top", 61 } }
}
{
  event = "msg_showcmd",
  kind = { { 0, "j", 0 } }
}
{
  event = "msg_showcmd",
  kind = {}
}
{
  event = "msg_ruler",
  kind = { { 95, "8,1           Top", 61 } }
}
{
  event = "msg_showcmd",
  kind = { { 0, "j", 0 } }
}
{
  event = "msg_showcmd",
  kind = {}
}
{
  event = "msg_ruler",
  kind = { { 95, "9,1           Top", 61 } }
}
{
  event = "msg_showcmd",
  kind = { { 0, "j", 0 } }
}
{
  event = "msg_showcmd",
  kind = {}
}
{
  event = "msg_ruler",
  kind = { { 95, "10,1          Top", 61 } }
}
{
  event = "msg_showcmd",
  kind = { { 0, "j", 0 } }
}
{
  event = "msg_showcmd",
  kind = {}
}
{
  event = "msg_ruler",
  kind = { { 95, "11,1          Top", 61 } }
}
{
  event = "msg_showcmd",
  kind = { { 0, "k", 0 } }
}
{
  event = "msg_showcmd",
  kind = {}
}
{
  event = "msg_ruler",
  kind = { { 95, "10,1          Top", 61 } }
}
{
  event = "msg_showcmd",
  kind = { { 0, "j", 0 } }
}
{
  event = "msg_showcmd",
  kind = {}
}
{
  event = "msg_ruler",
  kind = { { 95, "11,1          Top", 61 } }
}
{
  event = "msg_showcmd",
  kind = { { 0, "j", 0 } }
}
{
  event = "msg_showcmd",
  kind = {}
}
{
  event = "msg_ruler",
  kind = { { 95, "12,1          Top", 61 } }
}
{
  event = "msg_showcmd",
  kind = { { 0, "k", 0 } }
}
{
  event = "msg_showcmd",
  kind = {}
}
{
  event = "msg_ruler",
  kind = { { 95, "11,1          Top", 61 } }
}
{
  event = "msg_showcmd",
  kind = { { 0, "l", 0 } }
}
{
  event = "msg_showcmd",
  kind = {}
}
{
  event = "msg_ruler",
  kind = { { 95, "11,2          Top", 61 } }
}
{
  event = "msg_showcmd",
  kind = { { 0, "l", 0 } }
}
{
  event = "msg_showcmd",
  kind = {}
}
{
  event = "msg_ruler",
  kind = { { 95, "11,3          Top", 61 } }
}
{
  event = "msg_showcmd",
  kind = { { 0, "l", 0 } }
}
{
  event = "msg_showcmd",
  kind = {}
}
{
  event = "msg_ruler",
  kind = { { 95, "11,4          Top", 61 } }
}
{
  event = "msg_showcmd",
  kind = { { 0, "l", 0 } }
}
{
  event = "msg_showcmd",
  kind = {}
}
{
  event = "msg_ruler",
  kind = { { 95, "11,5          Top", 61 } }
}
{
  event = "msg_showcmd",
  kind = { { 0, "l", 0 } }
}
{
  event = "msg_showcmd",
  kind = {}
}
{
  event = "msg_ruler",
  kind = { { 95, "11,6          Top", 61 } }
}
{
  event = "msg_showcmd",
  kind = { { 0, "l", 0 } }
}
{
  event = "msg_showcmd",
  kind = {}
}
{
  event = "msg_ruler",
  kind = { { 95, "11,7          Top", 61 } }
}
{
  event = "msg_showcmd",
  kind = { { 0, "l", 0 } }
}
{
  event = "msg_showcmd",
  kind = {}
}
{
  event = "msg_ruler",
  kind = { { 95, "11,8          Top", 61 } }
}
{
  event = "msg_showcmd",
  kind = { { 0, "l", 0 } }
}
{
  event = "msg_showcmd",
  kind = {}
}
{
  event = "msg_ruler",
  kind = { { 95, "11,9          Top", 61 } }
}
{
  event = "msg_showcmd",
  kind = { { 0, "l", 0 } }
}
{
  event = "msg_showcmd",
  kind = {}
}
{
  event = "msg_ruler",
  kind = { { 95, "11,10         Top", 61 } }
}
{
  event = "msg_showcmd",
  kind = { { 0, "l", 0 } }
}
{
  event = "msg_showcmd",
  kind = {}
}
{
  event = "msg_ruler",
  kind = { { 95, "11,11         Top", 61 } }
}
{
  event = "msg_showcmd",
  kind = { { 0, "l", 0 } }
}
{
  event = "msg_showcmd",
  kind = {}
}
{
  event = "msg_ruler",
  kind = { { 95, "11,12         Top", 61 } }
}
{
  event = "msg_showcmd",
  kind = { { 0, "l", 0 } }
}
{
  event = "msg_showcmd",
  kind = {}
}
{
  event = "msg_ruler",
  kind = { { 95, "11,13         Top", 61 } }
}
{
  event = "msg_showcmd",
  kind = { { 0, "l", 0 } }
}
{
  event = "msg_showcmd",
  kind = {}
}
{
  event = "msg_ruler",
  kind = { { 95, "11,14         Top", 61 } }
}
{
  event = "msg_showcmd",
  kind = { { 0, "l", 0 } }
}
{
  event = "msg_showcmd",
  kind = {}
}
{
  event = "msg_ruler",
  kind = { { 95, "11,15         Top", 61 } }
}
{
  event = "msg_showcmd",
  kind = { { 0, "l", 0 } }
}
{
  event = "msg_showcmd",
  kind = {}
}
{
  event = "msg_ruler",
  kind = { { 95, "11,16         Top", 61 } }
}
{
  event = "msg_showcmd",
  kind = { { 0, "l", 0 } }
}
{
  event = "msg_showcmd",
  kind = {}
}
{
  event = "msg_ruler",
  kind = { { 95, "11,17         Top", 61 } }
}
{
  event = "msg_showcmd",
  kind = { { 0, "l", 0 } }
}
{
  event = "msg_showcmd",
  kind = {}
}
{
  event = "msg_ruler",
  kind = { { 95, "11,18         Top", 61 } }
}
{
  event = "msg_showcmd",
  kind = { { 0, ":", 0 } }
}
{ 0, ":", "", 0, 1, 0,
  event = "cmdline_show",
  kind = { { 0, "" } }
}
{
  event = "msg_ruler",
  kind = { { 95, "11,18         Top", 61 } }
}
{
  event = "msg_ruler",
  kind = { { 95, "11,18         Top", 61 } }
}
{
  event = "msg_ruler",
  kind = { { 95, "11,18         Top", 61 } }
}
{
  event = "msg_ruler",
  kind = { { 95, "11,18         Top", 61 } }
}
{ 1, ":", "", 0, 1, 0,
  event = "cmdline_show",
  kind = { { 0, "q" } }
}
{
  event = "msg_ruler",
  kind = { { 95, "11,18         Top", 61 } }
}
{ 2, ":", "", 0, 1, 0,
  event = "cmdline_show",
  kind = { { 0, "qa" } }
}
{
  event = "msg_ruler",
  kind = { { 95, "11,18         Top", 61 } }
}
{ false,
  event = "cmdline_hide",
  kind = 1
}
{
  event = "msg_showcmd",
  kind = { { 0, ":", 0 } }
}
{ 0, ":", "", 0, 1, 0,
  event = "cmdline_show",
  kind = { { 0, "" } }
}
{ 2, ":", "", 0, 1, 0,
  event = "cmdline_show",
  kind = { { 0, "qa" } }
}
{ 19, ":", "", 0, 1, 0,
  event = "cmdline_show",
  kind = { { 0, "Lazy log noice.nvim" } }
}
{ 1, ":", "", 0, 1, 0,
  event = "cmdline_show",
  kind = { { 0, "q" } }
}
{ 12, ":", "", 0, 1, 0,
  event = "cmdline_show",
  kind = { { 0, "TSInstall go" } }
}
{ false,
  event = "cmdline_hide",
  kind = 1
}
{ 0, "", "go parser already available: would you like to reinstall ? y/n: ", 0, 1, 0,
  event = "cmdline_show",
  kind = { { 0, "" } }
}
{ 1, "", "go parser already available: would you like to reinstall ? y/n: ", 0, 1, 0,
  event = "cmdline_show",
  kind = { { 0, "g" } }
}
{ 2, "", "go parser already available: would you like to reinstall ? y/n: ", 0, 1, 0,
  event = "cmdline_show",
  kind = { { 0, "gn" } }
}
{ 3, "", "go parser already available: would you like to reinstall ? y/n: ", 0, 1, 0,
  event = "cmdline_show",
  kind = { { 0, "gnj" } }
}
{ 4, "", "go parser already available: would you like to reinstall ? y/n: ", 0, 1, 0,
  event = "cmdline_show",
  kind = { { 0, "gnjk" } }
}
{ false,
  event = "cmdline_hide",
  kind = 1
}
{ { { 0, "\n ", 0 } }, false, true,
  event = "msg_show",
  kind = "lua_print"
}
{
  event = "msg_showcmd",
  kind = {}
}
{
  event = "msg_showcmd",
  kind = { { 0, "g", 0 } }
}
{
  event = "msg_showcmd",
  kind = {}
}
{
  event = "msg_ruler",
  kind = { { 66, "1,0-1         All", 61 } }
}
{
  event = "msg_ruler",
  kind = { { 66, "1,2           All", 61 } }
}
{
  event = "msg_ruler",
  kind = { { 66, "1,2           All", 61 } }
}
{
  event = "msg_ruler",
  kind = { { 66, "1,2           All", 61 } }
}
{
  event = "msg_ruler",
  kind = { { 66, "1,2           All", 61 } }
}
{
  event = "msg_ruler",
  kind = { { 66, "1,2           All", 61 } }
}
{
  event = "msg_ruler",
  kind = { { 66, "1,2           All", 61 } }
}
{
  event = "msg_ruler",
  kind = { { 66, "1,2           All", 61 } }
}
{
  event = "msg_ruler",
  kind = { { 66, "1,2           All", 61 } }
}
{
  event = "msg_ruler",
  kind = { { 66, "1,2           All", 61 } }
}
{
  event = "msg_ruler",
  kind = { { 66, "1,2           All", 61 } }
}
{
  event = "msg_ruler",
  kind = { { 66, "1,2           All", 61 } }
}
{
  event = "msg_ruler",
  kind = { { 66, "1,2           All", 61 } }
}
{
  event = "msg_ruler",
  kind = { { 66, "1,2           All", 61 } }
}
{
  event = "msg_ruler",
  kind = { { 66, "1,2           All", 61 } }
}
{
  event = "msg_ruler",
  kind = { { 66, "1,2           All", 61 } }
}
{
  event = "msg_ruler",
  kind = { { 66, "1,2           All", 61 } }
}
{
  event = "msg_ruler",
  kind = { { 66, "1,2           All", 61 } }
}
{
  event = "msg_ruler",
  kind = { { 66, "1,2           All", 61 } }
}
{
  event = "msg_ruler",
  kind = { { 66, "1,2           All", 61 } }
}
{
  event = "msg_ruler",
  kind = { { 66, "1,2           All", 61 } }
}
{
  event = "msg_ruler",
  kind = { { 66, "1,2           All", 61 } }
}
{
  event = "msg_ruler",
  kind = { { 66, "1,2           All", 61 } }
}
{
  event = "msg_ruler",
  kind = { { 66, "1,2           All", 61 } }
}
{
  event = "msg_ruler",
  kind = { { 66, "1,2           All", 61 } }
}
{
  event = "msg_ruler",
  kind = { { 66, "1,2           All", 61 } }
}
{
  event = "msg_ruler",
  kind = { { 66, "1,2           All", 61 } }
}
{
  event = "msg_ruler",
  kind = { { 66, "1,2           All", 61 } }
}
{
  event = "msg_ruler",
  kind = { { 66, "1,2           All", 61 } }
}
{
  event = "msg_ruler",
  kind = { { 66, "1,2           All", 61 } }
}
{
  event = "msg_ruler",
  kind = { { 66, "1,2           All", 61 } }
}
{
  event = "msg_ruler",
  kind = { { 66, "1,2           All", 61 } }
}
{
  event = "msg_ruler",
  kind = { { 66, "1,1           All", 61 } }
}
{
  event = "msg_showcmd",
  kind = { { 0, "j", 0 } }
}
{
  event = "msg_showcmd",
  kind = {}
}
{
  event = "msg_ruler",
  kind = { { 66, "2,1           All", 61 } }
}
{
  event = "msg_showcmd",
  kind = { { 0, "j", 0 } }
}
{
  event = "msg_showcmd",
  kind = {}
}
{
  event = "msg_ruler",
  kind = { { 66, "3,0-1         All", 61 } }
}
{
  event = "msg_showcmd",
  kind = { { 0, "j", 0 } }
}
{
  event = "msg_showcmd",
  kind = {}
}
{
  event = "msg_ruler",
  kind = { { 66, "4,1           All", 61 } }
}
{
  event = "msg_showcmd",
  kind = { { 0, "j", 0 } }
}
{
  event = "msg_showcmd",
  kind = {}
}
{
  event = "msg_ruler",
  kind = { { 66, "5,1           All", 61 } }
}
{
  event = "msg_showcmd",
  kind = { { 0, "j", 0 } }
}
{
  event = "msg_showcmd",
  kind = {}
}
{
  event = "msg_ruler",
  kind = { { 66, "6,0-1         All", 61 } }
}
{
  event = "msg_showcmd",
  kind = { { 0, "j", 0 } }
}
{
  event = "msg_showcmd",
  kind = {}
}
{
  event = "msg_ruler",
  kind = { { 66, "7,1           All", 61 } }
}
{
  event = "msg_showcmd",
  kind = { { 0, "j", 0 } }
}
{
  event = "msg_showcmd",
  kind = {}
}
{
  event = "msg_ruler",
  kind = { { 66, "8,1-4         All", 61 } }
}
{
  event = "msg_showcmd",
  kind = { { 0, "k", 0 } }
}
{
  event = "msg_showcmd",
  kind = {}
}
{
  event = "msg_ruler",
  kind = { { 66, "7,1           All", 61 } }
}
{
  event = "msg_showcmd",
  kind = { { 0, "k", 0 } }
}
{
  event = "msg_showcmd",
  kind = {}
}
{
  event = "msg_ruler",
  kind = { { 66, "6,0-1         All", 61 } }
}
{
  event = "msg_showcmd",
  kind = { { 0, "k", 0 } }
}
{
  event = "msg_showcmd",
  kind = {}
}
{
  event = "msg_ruler",
  kind = { { 66, "5,1           All", 61 } }
}
{
  event = "msg_showcmd",
  kind = { { 0, "k", 0 } }
}
{
  event = "msg_showcmd",
  kind = {}
}
{
  event = "msg_ruler",
  kind = { { 66, "4,1           All", 61 } }
}
{
  event = "msg_showcmd",
  kind = { { 0, "j", 0 } }
}
{
  event = "msg_showcmd",
  kind = {}
}
{
  event = "msg_ruler",
  kind = { { 66, "5,1           All", 61 } }
}
{
  event = "msg_showcmd",
  kind = { { 0, "k", 0 } }
}
{
  event = "msg_showcmd",
  kind = {}
}
{
  event = "msg_ruler",
  kind = { { 66, "4,1           All", 61 } }
}
{
  event = "msg_ruler",
  kind = { { 66, "5,66          All", 61 } }
}
{
  event = "msg_showcmd",
  kind = { { 0, "2", 0 } }
}
{
  event = "msg_showcmd",
  kind = { { 0, "2", 0 } }
}
{
  event = "msg_ruler",
  kind = { { 66, "5,67          All", 61 } }
}
{
  event = "msg_showcmd",
  kind = { { 0, "3", 0 } }
}
{
  event = "msg_showcmd",
  kind = { { 0, "3", 0 } }
}
{
  event = "msg_ruler",
  kind = { { 66, "5,68          All", 61 } }
}
{
  event = "msg_showcmd",
  kind = { { 0, "4", 0 } }
}
{
  event = "msg_showcmd",
  kind = { { 0, "4", 0 } }
}
{
  event = "msg_ruler",
  kind = { { 66, "5,69          All", 61 } }
}
{
  event = "msg_showcmd",
  kind = { { 0, "5", 0 } }
}
{
  event = "msg_showcmd",
  kind = { { 0, "5", 0 } }
}
{
  event = "msg_ruler",
  kind = { { 66, "5,70          All", 61 } }
}
{
  event = "msg_showcmd",
  kind = { { 0, "6", 0 } }
}
{
  event = "msg_showcmd",
  kind = { { 0, "6", 0 } }
}
{
  event = "msg_ruler",
  kind = { { 66, "5,71          All", 61 } }
}
{
  event = "msg_showcmd",
  kind = { { 0, "7", 0 } }
}
{
  event = "msg_showcmd",
  kind = { { 0, "7", 0 } }
}
{
  event = "msg_ruler",
  kind = { { 66, "5,72          All", 61 } }
}
{
  event = "msg_showcmd",
  kind = { { 0, "8", 0 } }
}
{
  event = "msg_showcmd",
  kind = { { 0, "8", 0 } }
}
{
  event = "msg_ruler",
  kind = { { 66, "5,73          All", 61 } }
}
{
  event = "msg_showcmd",
  kind = { { 0, "9", 0 } }
}
{
  event = "msg_showcmd",
  kind = { { 0, "9", 0 } }
}
{
  event = "msg_ruler",
  kind = { { 66, "5,74          All", 61 } }
}
{
  event = "msg_showcmd",
  kind = { { 0, "10", 0 } }
}
{
  event = "msg_showcmd",
  kind = { { 0, "10", 0 } }
}
{
  event = "msg_ruler",
  kind = { { 66, "5,75          All", 61 } }
}
{
  event = "msg_showcmd",
  kind = { { 0, "11", 0 } }
}
{
  event = "msg_showcmd",
  kind = { { 0, "11", 0 } }
}
{
  event = "msg_ruler",
  kind = { { 66, "5,76          All", 61 } }
}
{
  event = "msg_showcmd",
  kind = { { 0, "12", 0 } }
}
{
  event = "msg_showcmd",
  kind = { { 0, "12", 0 } }
}
{
  event = "msg_ruler",
  kind = { { 66, "5,77          All", 61 } }
}
{
  event = "msg_showcmd",
  kind = { { 0, "13", 0 } }
}
{
  event = "msg_showcmd",
  kind = { { 0, "13", 0 } }
}
{
  event = "msg_ruler",
  kind = { { 66, "5,78          All", 61 } }
}
{
  event = "msg_showcmd",
  kind = { { 0, "14", 0 } }
}
{
  event = "msg_showcmd",
  kind = { { 0, "14", 0 } }
}
{
  event = "msg_ruler",
  kind = { { 66, "5,79          All", 61 } }
}
{
  event = "msg_showcmd",
  kind = { { 0, "15", 0 } }
}
{
  event = "msg_showcmd",
  kind = { { 0, "15", 0 } }
}
{
  event = "msg_ruler",
  kind = { { 66, "5,80          All", 61 } }
}
{
  event = "msg_showcmd",
  kind = { { 0, "16", 0 } }
}
{
  event = "msg_showcmd",
  kind = { { 0, "16", 0 } }
}
{
  event = "msg_ruler",
  kind = { { 66, "5,81          All", 61 } }
}
{
  event = "msg_showcmd",
  kind = { { 0, "17", 0 } }
}
{
  event = "msg_showcmd",
  kind = { { 0, "17", 0 } }
}
{
  event = "msg_ruler",
  kind = { { 66, "5,82          All", 61 } }
}
{
  event = "msg_showcmd",
  kind = { { 0, "18", 0 } }
}
{
  event = "msg_showcmd",
  kind = { { 0, "18", 0 } }
}
{
  event = "msg_ruler",
  kind = { { 66, "5,83          All", 61 } }
}
{
  event = "msg_showcmd",
  kind = { { 0, "19", 0 } }
}
{
  event = "msg_showcmd",
  kind = { { 0, "19", 0 } }
}
{
  event = "msg_ruler",
  kind = { { 66, "5,84          All", 61 } }
}
{
  event = "msg_showcmd",
  kind = { { 0, "20", 0 } }
}
{
  event = "msg_showcmd",
  kind = { { 0, "20", 0 } }
}
{
  event = "msg_ruler",
  kind = { { 66, "5,85          All", 61 } }
}
{
  event = "msg_showcmd",
  kind = { { 0, "21", 0 } }
}
{
  event = "msg_showcmd",
  kind = { { 0, "21", 0 } }
}
{
  event = "msg_ruler",
  kind = { { 66, "5,86          All", 61 } }
}
{
  event = "msg_showcmd",
  kind = { { 0, "22", 0 } }
}
{
  event = "msg_showcmd",
  kind = { { 0, "22", 0 } }
}
{
  event = "msg_ruler",
  kind = { { 66, "5,87          All", 61 } }
}
{
  event = "msg_showcmd",
  kind = { { 0, "23", 0 } }
}
{
  event = "msg_showcmd",
  kind = { { 0, "23", 0 } }
}
{
  event = "msg_ruler",
  kind = { { 66, "5,88          All", 61 } }
}
{
  event = "msg_showcmd",
  kind = { { 0, "25", 0 } }
}
{
  event = "msg_showcmd",
  kind = { { 0, "25", 0 } }
}
{
  event = "msg_ruler",
  kind = { { 66, "5,90          All", 61 } }
}
{
  event = "msg_showcmd",
  kind = { { 0, "26", 0 } }
}
{
  event = "msg_showcmd",
  kind = { { 0, "26", 0 } }
}
{
  event = "msg_ruler",
  kind = { { 66, "5,91          All", 61 } }
}
{
  event = "msg_showcmd",
  kind = { { 0, "27", 0 } }
}
{
  event = "msg_showcmd",
  kind = { { 0, "27", 0 } }
}
{
  event = "msg_ruler",
  kind = { { 66, "5,92          All", 61 } }
}
{
  event = "msg_showcmd",
  kind = { { 0, "28", 0 } }
}
{
  event = "msg_showcmd",
  kind = { { 0, "28", 0 } }
}
{
  event = "msg_ruler",
  kind = { { 66, "5,93          All", 61 } }
}
{
  event = "msg_showcmd",
  kind = { { 0, "29", 0 } }
}
{
  event = "msg_showcmd",
  kind = { { 0, "29", 0 } }
}
{
  event = "msg_ruler",
  kind = { { 66, "5,94          All", 61 } }
}
{
  event = "msg_showcmd",
  kind = { { 0, "30", 0 } }
}
{
  event = "msg_showcmd",
  kind = { { 0, "30", 0 } }
}
{
  event = "msg_ruler",
  kind = { { 66, "5,95          All", 61 } }
}
{
  event = "msg_showcmd",
  kind = { { 0, "31", 0 } }
}
{
  event = "msg_showcmd",
  kind = { { 0, "31", 0 } }
}
{
  event = "msg_ruler",
  kind = { { 66, "5,96          All", 61 } }
}
{
  event = "msg_showcmd",
  kind = { { 0, "32", 0 } }
}
{
  event = "msg_showcmd",
  kind = { { 0, "32", 0 } }
}
{
  event = "msg_ruler",
  kind = { { 66, "5,97          All", 61 } }
}
{
  event = "msg_showcmd",
  kind = { { 0, "33", 0 } }
}
{
  event = "msg_showcmd",
  kind = { { 0, "33", 0 } }
}
{
  event = "msg_ruler",
  kind = { { 66, "5,98          All", 61 } }
}
{
  event = "msg_showcmd",
  kind = { { 0, "2", 0 } }
}
{
  event = "msg_showcmd",
  kind = { { 0, "2", 0 } }
}
{
  event = "msg_ruler",
  kind = { { 66, "4,44          All", 61 } }
}
{
  event = "msg_showcmd",
  kind = { { 0, "2", 0 } }
}
{
  event = "msg_showcmd",
  kind = { { 0, "2", 0 } }
}
{
  event = "msg_showcmd",
  kind = { { 0, "2", 0 } }
}
{
  event = "msg_showcmd",
  kind = { { 0, "2", 0 } }
}
{
  event = "msg_showcmd",
  kind = { { 0, "2", 0 } }
}
{
  event = "msg_showcmd",
  kind = { { 0, "2", 0 } }
}
{
  event = "msg_showcmd",
  kind = { { 0, "2", 0 } }
}
{
  event = "msg_showcmd",
  kind = { { 0, "41", 0 } }
}
{
  event = "msg_showcmd",
  kind = { { 0, "41", 0 } }
}
{
  event = "msg_ruler",
  kind = { { 66, "5,106         All", 61 } }
}
{
  event = "msg_showcmd",
  kind = { { 0, "40", 0 } }
}
{
  event = "msg_showcmd",
  kind = { { 0, "40", 0 } }
}
{
  event = "msg_ruler",
  kind = { { 66, "5,105         All", 61 } }
}
{
  event = "msg_showcmd",
  kind = { { 0, "41", 0 } }
}
{
  event = "msg_showcmd",
  kind = { { 0, "41", 0 } }
}
{
  event = "msg_ruler",
  kind = { { 66, "5,106         All", 61 } }
}
{
  event = "msg_showcmd",
  kind = { { 0, "42", 0 } }
}
{
  event = "msg_showcmd",
  kind = { { 0, "42", 0 } }
}
{
  event = "msg_ruler",
  kind = { { 66, "5,107         All", 61 } }
}
{
  event = "msg_showcmd",
  kind = { { 0, "43", 0 } }
}
{
  event = "msg_showcmd",
  kind = { { 0, "43", 0 } }
}
{
  event = "msg_ruler",
  kind = { { 66, "5,108         All", 61 } }
}
{
  event = "msg_showcmd",
  kind = { { 0, "44", 0 } }
}
{
  event = "msg_showcmd",
  kind = { { 0, "44", 0 } }
}
{
  event = "msg_ruler",
  kind = { { 66, "5,109         All", 61 } }
}
{
  event = "msg_showcmd",
  kind = { { 0, "45", 0 } }
}
{
  event = "msg_showcmd",
  kind = { { 0, "45", 0 } }
}
{
  event = "msg_ruler",
  kind = { { 66, "5,110         All", 61 } }
}
{
  event = "msg_showcmd",
  kind = { { 0, "45", 0 } }
}
{
  event = "msg_showcmd",
  kind = { { 0, "y", 0 } }
}
{
  event = "msg_showcmd",
  kind = {}
}
{
  event = "msg_ruler",
  kind = { { 66, "5,66          All", 61 } }
}
{ false,
  event = "cmdline_hide",
  kind = 1
}
{
  event = "msg_clear"
}
{
  event = "msg_showcmd",
  kind = { { 0, "j", 0 } }
}
{
  event = "msg_showcmd",
  kind = {}
}
{
  event = "msg_showcmd",
  kind = { { 0, "d", 0 } }
}
{
  event = "msg_showcmd",
  kind = {}
}
{
  event = "msg_showcmd",
  kind = { { 0, "dd", 0 } }
}
{
  event = "msg_showcmd",
  kind = {}
}
{
  event = "msg_showcmd",
  kind = { { 0, "j", 0 } }
}
{
  event = "msg_showcmd",
  kind = {}
}
{
  event = "msg_showcmd",
  kind = { { 0, "k", 0 } }
}
{
  event = "msg_showcmd",
  kind = {}
}
{
  event = "msg_showcmd",
  kind = { { 0, "u", 0 } }
}
{ { { 0, "1 more line; before #276  1 second ago", 0 } }, false, true,
  event = "msg_show",
  kind = "undo"
}
{
  event = "msg_showcmd",
  kind = {}
}
{
  event = "msg_showcmd",
  kind = { { 0, "j", 0 } }
}
{
  event = "msg_showcmd",
  kind = {}
}
{
  event = "msg_showcmd",
  kind = { { 0, "k", 0 } }
}
{
  event = "msg_showcmd",
  kind = {}
}
{
  event = "msg_clear"
}
{ 20, ":", "", 0, 1, 0,
  event = "cmdline_show",
  kind = { { 0, "silent wa | silent w" } }
}
{ false,
  event = "cmdline_hide",
  kind = 1
}
{
  event = "msg_showcmd",
  kind = { { 0, ":", 0 } }
}
{ 0, ":", "", 0, 1, 0,
  event = "cmdline_show",
  kind = { { 0, "" } }
}
{ 1, ":", "", 0, 1, 0,
  event = "cmdline_show",
  kind = { { 0, "L" } }
}
{ 2, ":", "", 0, 1, 0,
  event = "cmdline_show",
  kind = { { 0, "La" } }
}
{ 3, ":", "", 0, 1, 0,
  event = "cmdline_show",
  kind = { { 0, "Laz" } }
}
{ 4, ":", "", 0, 1, 0,
  event = "cmdline_show",
  kind = { { 0, "Lazy" } }
}
{ 5, ":", "", 0, 1, 0,
  event = "cmdline_show",
  kind = { { 0, "Lazy " } }
}
{ 6, ":", "", 0, 1, 0,
  event = "cmdline_show",
  kind = { { 0, "Lazy s" } }
}
{ 7, ":", "", 0, 1, 0,
  event = "cmdline_show",
  kind = { { 0, "Lazy sy" } }
}
{ 8, ":", "", 0, 1, 0,
  event = "cmdline_show",
  kind = { { 0, "Lazy syn" } }
}
{ 9, ":", "", 0, 1, 0,
  event = "cmdline_show",
  kind = { { 0, "Lazy sync" } }
}
{ false,
  event = "cmdline_hide",
  kind = 1
}
{
  event = "msg_showcmd",
  kind = {}
}
{
  event = "msg_ruler",
  kind = { { 66, "1,0-1         Top", 61 } }
}
{
  event = "msg_ruler",
  kind = { { 66, "1,0-1         Top", 61 } }
}
{
  event = "msg_ruler",
  kind = { { 66, "1,0-1         Top", 61 } }
}
{
  event = "msg_ruler",
  kind = { { 66, "1,0-1         Top", 61 } }
}
{
  event = "msg_ruler",
  kind = { { 66, "1,0-1         Top", 61 } }
}
{
  event = "msg_ruler",
  kind = { { 66, "1,0-1         Top", 61 } }
}
{
  event = "msg_ruler",
  kind = { { 66, "1,0-1         Top", 61 } }
}
{
  event = "msg_ruler",
  kind = { { 66, "1,0-1         Top", 61 } }
}
{
  event = "msg_ruler",
  kind = { { 66, "1,0-1         Top", 61 } }
}
{
  event = "msg_ruler",
  kind = { { 66, "1,0-1         Top", 61 } }
}
{
  event = "msg_ruler",
  kind = { { 66, "1,0-1         Top", 61 } }
}
{
  event = "msg_ruler",
  kind = { { 66, "1,0-1         Top", 61 } }
}
{
  event = "msg_ruler",
  kind = { { 66, "1,0-1         Top", 61 } }
}
{
  event = "msg_ruler",
  kind = { { 66, "1,0-1         Top", 61 } }
}
{
  event = "msg_ruler",
  kind = { { 66, "1,0-1         Top", 61 } }
}
{
  event = "msg_ruler",
  kind = { { 66, "1,0-1         Top", 61 } }
}
{
  event = "msg_ruler",
  kind = { { 66, "1,0-1         Top", 61 } }
}
{
  event = "msg_ruler",
  kind = { { 66, "1,0-1         Top", 61 } }
}
{
  event = "msg_ruler",
  kind = { { 66, "1,0-1         Top", 61 } }
}
{
  event = "msg_ruler",
  kind = { { 66, "1,0-1         Top", 61 } }
}
{
  event = "msg_ruler",
  kind = { { 66, "1,0-1         Top", 61 } }
}
{
  event = "msg_ruler",
  kind = { { 66, "1,0-1         Top", 61 } }
}
{
  event = "msg_ruler",
  kind = { { 66, "1,0-1         Top", 61 } }
}
{
  event = "msg_showcmd",
  kind = { { 0, "j", 0 } }
}
{
  event = "msg_showcmd",
  kind = {}
}
{
  event = "msg_showcmd",
  kind = { { 0, "j", 0 } }
}
{
  event = "msg_showcmd",
  kind = {}
}
{
  event = "msg_showcmd",
  kind = { { 0, "k", 0 } }
}
{
  event = "msg_showcmd",
  kind = {}
}
{
  event = "msg_showcmd",
  kind = { { 0, "k", 0 } }
}
{
  event = "msg_showcmd",
  kind = {}
}
{
  event = "msg_showcmd",
  kind = { { 0, "j", 0 } }
}
{
  event = "msg_showcmd",
  kind = {}
}
{
  event = "msg_showcmd",
  kind = { { 0, "j", 0 } }
}
{
  event = "msg_showcmd",
  kind = {}
}
{
  event = "msg_showcmd",
  kind = { { 0, "j", 0 } }
}
{
  event = "msg_showcmd",
  kind = {}
}
{
  event = "msg_showcmd",
  kind = { { 0, "j", 0 } }
}
{
  event = "msg_showcmd",
  kind = {}
}
{
  event = "msg_showcmd",
  kind = { { 0, "j", 0 } }
}
{
  event = "msg_showcmd",
  kind = {}
}
{
  event = "msg_showcmd",
  kind = { { 0, "k", 0 } }
}
{
  event = "msg_showcmd",
  kind = {}
}
{
  event = "msg_showcmd",
  kind = { { 0, "k", 0 } }
}
{
  event = "msg_showcmd",
  kind = {}
}
{
  event = "msg_showcmd",
  kind = { { 0, "k", 0 } }
}
{
  event = "msg_showcmd",
  kind = {}
}
{
  event = "msg_showcmd",
  kind = { { 0, "k", 0 } }
}
{
  event = "msg_showcmd",
  kind = {}
}
{
  event = "msg_showcmd",
  kind = { { 0, "l", 0 } }
}
{
  event = "msg_showcmd",
  kind = {}
}
{
  event = "msg_showcmd",
  kind = { { 0, "l", 0 } }
}
{
  event = "msg_showcmd",
  kind = {}
}
{
  event = "msg_showcmd",
  kind = { { 0, "l", 0 } }
}
{
  event = "msg_showcmd",
  kind = {}
}
{
  event = "msg_showcmd",
  kind = { { 0, "l", 0 } }
}
{
  event = "msg_showcmd",
  kind = {}
}
{
  event = "msg_showcmd",
  kind = { { 0, "l", 0 } }
}
{
  event = "msg_showcmd",
  kind = {}
}
{
  event = "msg_showcmd",
  kind = { { 0, "h", 0 } }
}
{
  event = "msg_showcmd",
  kind = {}
}
{
  event = "msg_showcmd",
  kind = { { 0, "h", 0 } }
}
{
  event = "msg_showcmd",
  kind = {}
}
{
  event = "msg_showcmd",
  kind = { { 0, "l", 0 } }
}
{
  event = "msg_showcmd",
  kind = {}
}
{
  event = "msg_showcmd",
  kind = { { 0, "j", 0 } }
}
{
  event = "msg_showcmd",
  kind = {}
}
{
  event = "msg_showcmd",
  kind = { { 0, "j", 0 } }
}
{
  event = "msg_showcmd",
  kind = {}
}
{
  event = "msg_showcmd",
  kind = { { 0, "k", 0 } }
}
{
  event = "msg_showcmd",
  kind = {}
}
{
  event = "msg_showcmd",
  kind = { { 0, "k", 0 } }
}
{
  event = "msg_showcmd",
  kind = {}
}
{
  event = "msg_showcmd",
  kind = { { 0, "j", 0 } }
}
{
  event = "msg_showcmd",
  kind = {}
}
{
  event = "msg_showcmd",
  kind = { { 0, "j", 0 } }
}
{
  event = "msg_showcmd",
  kind = {}
}
{
  event = "msg_showcmd",
  kind = { { 0, "j", 0 } }
}
{
  event = "msg_showcmd",
  kind = {}
}
{
  event = "msg_showcmd",
  kind = { { 0, "j", 0 } }
}
{
  event = "msg_showcmd",
  kind = {}
}
{
  event = "msg_showcmd",
  kind = { { 0, "j", 0 } }
}
{
  event = "msg_showcmd",
  kind = {}
}
{
  event = "msg_showcmd",
  kind = { { 0, "j", 0 } }
}
{
  event = "msg_showcmd",
  kind = {}
}
{
  event = "msg_showcmd",
  kind = { { 0, "j", 0 } }
}
{
  event = "msg_showcmd",
  kind = {}
}
{
  event = "msg_showcmd",
  kind = { { 0, "j", 0 } }
}
{
  event = "msg_showcmd",
  kind = {}
}
{
  event = "msg_showcmd",
  kind = { { 0, "j", 0 } }
}
{
  event = "msg_showcmd",
  kind = {}
}
{
  event = "msg_showcmd",
  kind = { { 0, "j", 0 } }
}
{
  event = "msg_showcmd",
  kind = {}
}
{
  event = "msg_showcmd",
  kind = { { 0, "j", 0 } }
}
{
  event = "msg_showcmd",
  kind = {}
}
{
  event = "msg_showcmd",
  kind = { { 0, "j", 0 } }
}
{
  event = "msg_showcmd",
  kind = {}
}
{
  event = "msg_showcmd",
  kind = { { 0, "j", 0 } }
}
{
  event = "msg_showcmd",
  kind = {}
}
{
  event = "msg_showcmd",
  kind = { { 0, "j", 0 } }
}
{
  event = "msg_showcmd",
  kind = {}
}
{
  event = "msg_showcmd",
  kind = { { 0, "j", 0 } }
}
{
  event = "msg_showcmd",
  kind = {}
}
{
  event = "msg_showcmd",
  kind = { { 0, "j", 0 } }
}
{
  event = "msg_showcmd",
  kind = {}
}
{
  event = "msg_showcmd",
  kind = { { 0, "j", 0 } }
}
{
  event = "msg_showcmd",
  kind = {}
}
{
  event = "msg_showcmd",
  kind = { { 0, "j", 0 } }
}
{
  event = "msg_showcmd",
  kind = {}
}
{
  event = "msg_showcmd",
  kind = { { 0, "j", 0 } }
}
{
  event = "msg_showcmd",
  kind = {}
}
{
  event = "msg_showcmd",
  kind = { { 0, "j", 0 } }
}
{
  event = "msg_showcmd",
  kind = {}
}
{
  event = "msg_showcmd",
  kind = { { 0, "j", 0 } }
}
{
  event = "msg_showcmd",
  kind = {}
}
{
  event = "msg_showcmd",
  kind = { { 0, "k", 0 } }
}
{
  event = "msg_showcmd",
  kind = {}
}
{
  event = "msg_showcmd",
  kind = { { 0, "v", 0 } }
}
{
  event = "msg_showcmd",
  kind = { { 0, "1", 0 } }
}
{
  event = "msg_showcmd",
  kind = { { 0, "j", 0 } }
}
{
  event = "msg_showcmd",
  kind = { { 0, "2", 0 } }
}
{
  event = "msg_showcmd",
  kind = { { 0, "j", 0 } }
}
{
  event = "msg_showcmd",
  kind = { { 0, "3", 0 } }
}
{
  event = "msg_showcmd",
  kind = { { 0, "j", 0 } }
}
{
  event = "msg_showcmd",
  kind = { { 0, "4", 0 } }
}
{
  event = "msg_showcmd",
  kind = { { 0, "j", 0 } }
}
{
  event = "msg_showcmd",
  kind = { { 0, "5", 0 } }
}
{
  event = "msg_showcmd",
  kind = { { 0, "j", 0 } }
}
{
  event = "msg_showcmd",
  kind = { { 0, "6", 0 } }
}
{
  event = "msg_showcmd",
  kind = { { 0, "j", 0 } }
}
{
  event = "msg_showcmd",
  kind = { { 0, "7", 0 } }
}
{
  event = "msg_showcmd",
  kind = { { 0, "j", 0 } }
}
{
  event = "msg_showcmd",
  kind = { { 0, "8", 0 } }
}
{
  event = "msg_showcmd",
  kind = { { 0, "j", 0 } }
}
{
  event = "msg_showcmd",
  kind = { { 0, "9", 0 } }
}
{
  event = "msg_showcmd",
  kind = { { 0, "j", 0 } }
}
{
  event = "msg_showcmd",
  kind = { { 0, "10", 0 } }
}
{
  event = "msg_showcmd",
  kind = { { 0, "j", 0 } }
}
{
  event = "msg_showcmd",
  kind = { { 0, "11", 0 } }
}
{
  event = "msg_showcmd",
  kind = { { 0, "j", 0 } }
}
{
  event = "msg_showcmd",
  kind = { { 0, "12", 0 } }
}
{
  event = "msg_showcmd",
  kind = { { 0, "j", 0 } }
}
{
  event = "msg_showcmd",
  kind = { { 0, "13", 0 } }
}
{
  event = "msg_showcmd",
  kind = { { 0, "j", 0 } }
}
{
  event = "msg_showcmd",
  kind = { { 0, "14", 0 } }
}
{
  event = "msg_showcmd",
  kind = { { 0, "j", 0 } }
}
{
  event = "msg_showcmd",
  kind = { { 0, "15", 0 } }
}
{
  event = "msg_showcmd",
  kind = { { 0, "j", 0 } }
}
{
  event = "msg_showcmd",
  kind = { { 0, "16", 0 } }
}
{
  event = "msg_showcmd",
  kind = { { 0, "j", 0 } }
}
{
  event = "msg_showcmd",
  kind = { { 0, "17", 0 } }
}
{
  event = "msg_showcmd",
  kind = { { 0, "j", 0 } }
}
{
  event = "msg_showcmd",
  kind = { { 0, "18", 0 } }
}
{
  event = "msg_showcmd",
  kind = { { 0, "j", 0 } }
}
{
  event = "msg_showcmd",
  kind = { { 0, "19", 0 } }
}
{
  event = "msg_showcmd",
  kind = { { 0, "j", 0 } }
}
{
  event = "msg_showcmd",
  kind = { { 0, "20", 0 } }
}
{
  event = "msg_showcmd",
  kind = { { 0, "j", 0 } }
}
{
  event = "msg_showcmd",
  kind = { { 0, "21", 0 } }
}
{
  event = "msg_showcmd",
  kind = { { 0, "g", 0 } }
}
{
  event = "msg_showcmd",
  kind = {}
}
{
  event = "msg_showcmd",
  kind = { { 0, "g@", 0 } }
}
{
  event = "msg_showcmd",
  kind = {}
}
{
  event = "msg_showcmd",
  kind = { { 0, "j", 0 } }
}
{
  event = "msg_showcmd",
  kind = {}
}
{
  event = "msg_showcmd",
  kind = { { 0, "k", 0 } }
}
{
  event = "msg_showcmd",
  kind = {}
}
{ 20, ":", "", 0, 1, 0,
  event = "cmdline_show",
  kind = { { 0, "silent wa | silent w" } }
}
{ false,
  event = "cmdline_hide",
  kind = 1
}
{
  event = "msg_showcmd",
  kind = { { 0, ":", 0 } }
}
{ 0, ":", "", 0, 1, 0,
  event = "cmdline_show",
  kind = { { 0, "" } }
}
{ 1, ":", "", 0, 1, 0,
  event = "cmdline_show",
  kind = { { 0, "w" } }
}
{ 2, ":", "", 0, 1, 0,
  event = "cmdline_show",
  kind = { { 0, "wq" } }
}
{ false,
  event = "cmdline_hide",
  kind = 1
}
{ { { 0, '"after/plugin/noice.lua" ', 0 } }, false, false,
  event = "msg_show",
  kind = "bufwrite"
}
{ { { 0, '"after/plugin/noice.lua" 44L, 1186B written', 0 } }, true, true,
  event = "msg_show",
  kind = "bufwrite"
}
{
  event = "msg_showcmd",
  kind = { { 0, ":", 0 } }
}
{ 0, ":", "", 0, 1, 0,
  event = "cmdline_show",
  kind = { { 0, "" } }
}
{ 1, ":", "", 0, 1, 0,
  event = "cmdline_show",
  kind = { { 0, "T" } }
}
{ 2, ":", "", 0, 1, 0,
  event = "cmdline_show",
  kind = { { 0, "Ts" } }
}
{ 9, ":", "", 0, 1, 0,
  event = "cmdline_show",
  kind = { { 0, "TsInstall" } }
}
{ 2, ":", "", 0, 1, 0,
  event = "cmdline_show",
  kind = { { 0, "Ts" } }
}
{ 1, ":", "", 0, 1, 0,
  event = "cmdline_show",
  kind = { { 0, "T" } }
}
{ 2, ":", "", 0, 1, 0,
  event = "cmdline_show",
  kind = { { 0, "TS" } }
}
{ 12, ":", "", 0, 1, 0,
  event = "cmdline_show",
  kind = { { 0, "TSInstall go" } }
}
{ false,
  event = "cmdline_hide",
  kind = 1
}
{ 0, "", "go parser already available: would you like to reinstall ? y/n: ", 0, 1, 0,
  event = "cmdline_show",
  kind = { { 0, "" } }
}
{ 1, "", "go parser already available: would you like to reinstall ? y/n: ", 0, 1, 0,
  event = "cmdline_show",
  kind = { { 0, "j" } }
}
{ 2, "", "go parser already available: would you like to reinstall ? y/n: ", 0, 1, 0,
  event = "cmdline_show",
  kind = { { 0, "jj" } }
}
{ 3, "", "go parser already available: would you like to reinstall ? y/n: ", 0, 1, 0,
  event = "cmdline_show",
  kind = { { 0, "jjj" } }
}
{ 4, "", "go parser already available: would you like to reinstall ? y/n: ", 0, 1, 0,
  event = "cmdline_show",
  kind = { { 0, "jjjj" } }
}
{ 5, "", "go parser already available: would you like to reinstall ? y/n: ", 0, 1, 0,
  event = "cmdline_show",
  kind = { { 0, "jjjjj" } }
}
{ false,
  event = "cmdline_hide",
  kind = 1
}
{ { { 0, "\n ", 0 } }, false, true,
  event = "msg_show",
  kind = "lua_print"
}
{
  event = "msg_showcmd",
  kind = {}
}
{
  event = "msg_showcmd",
  kind = { { 0, "j", 0 } }
}
{
  event = "msg_showcmd",
  kind = {}
}
{
  event = "msg_showcmd",
  kind = { { 0, "j", 0 } }
}
{
  event = "msg_showcmd",
  kind = {}
}
{
  event = "msg_showcmd",
  kind = { { 0, "j", 0 } }
}
{
  event = "msg_showcmd",
  kind = {}
}
{
  event = "msg_showcmd",
  kind = { { 0, "j", 0 } }
}
{
  event = "msg_showcmd",
  kind = {}
}
{
  event = "msg_showcmd",
  kind = { { 0, "j", 0 } }
}
{
  event = "msg_showcmd",
  kind = {}
}
{
  event = "msg_showcmd",
  kind = { { 0, "j", 0 } }
}
{
  event = "msg_showcmd",
  kind = {}
}
{
  event = "msg_showcmd",
  kind = { { 0, "j", 0 } }
}
{
  event = "msg_showcmd",
  kind = {}
}
{
  event = "msg_showcmd",
  kind = { { 0, "j", 0 } }
}
{
  event = "msg_showcmd",
  kind = {}
}
{
  event = "msg_showcmd",
  kind = { { 0, "j", 0 } }
}
{
  event = "msg_showcmd",
  kind = {}
}
{
  event = "msg_showcmd",
  kind = { { 0, "j", 0 } }
}
{
  event = "msg_showcmd",
  kind = {}
}
{
  event = "msg_showcmd",
  kind = { { 0, "j", 0 } }
}
{
  event = "msg_showcmd",
  kind = {}
}
{
  event = "msg_showcmd",
  kind = { { 0, "j", 0 } }
}
{
  event = "msg_showcmd",
  kind = {}
}
{
  event = "msg_showcmd",
  kind = { { 0, "j", 0 } }
}
{
  event = "msg_showcmd",
  kind = {}
}
{
  event = "msg_showcmd",
  kind = { { 0, "j", 0 } }
}
{
  event = "msg_showcmd",
  kind = {}
}
{
  event = "msg_showcmd",
  kind = { { 0, "j", 0 } }
}
{
  event = "msg_showcmd",
  kind = {}
}
{
  event = "msg_showcmd",
  kind = { { 0, "j", 0 } }
}
{
  event = "msg_showcmd",
  kind = {}
}
{
  event = "msg_showcmd",
  kind = { { 0, "j", 0 } }
}
{
  event = "msg_showcmd",
  kind = {}
}
{
  event = "msg_showcmd",
  kind = { { 0, "j", 0 } }
}
{
  event = "msg_showcmd",
  kind = {}
}
{
  event = "msg_showcmd",
  kind = { { 0, "j", 0 } }
}
{
  event = "msg_showcmd",
  kind = {}
}
{
  event = "msg_showcmd",
  kind = { { 0, "j", 0 } }
}
{
  event = "msg_showcmd",
  kind = {}
}
{
  event = "msg_showcmd",
  kind = { { 0, "j", 0 } }
}
{
  event = "msg_showcmd",
  kind = {}
}
{
  event = "msg_showcmd",
  kind = { { 0, "j", 0 } }
}
{
  event = "msg_showcmd",
  kind = {}
}
{
  event = "msg_showcmd",
  kind = { { 0, "k", 0 } }
}
{
  event = "msg_showcmd",
  kind = {}
}
{
  event = "msg_showcmd",
  kind = { { 0, "v", 0 } }
}
{
  event = "msg_showcmd",
  kind = { { 0, "1", 0 } }
}
{
  event = "msg_showcmd",
  kind = { { 0, "k", 0 } }
}
{
  event = "msg_showcmd",
  kind = { { 0, "2", 0 } }
}
{
  event = "msg_showcmd",
  kind = { { 0, "k", 0 } }
}
{
  event = "msg_showcmd",
  kind = { { 0, "3", 0 } }
}
{
  event = "msg_showcmd",
  kind = { { 0, "k", 0 } }
}
{
  event = "msg_showcmd",
  kind = { { 0, "4", 0 } }
}
{
  event = "msg_showcmd",
  kind = { { 0, "k", 0 } }
}
{
  event = "msg_showcmd",
  kind = { { 0, "5", 0 } }
}
{
  event = "msg_showcmd",
  kind = { { 0, "k", 0 } }
}
{
  event = "msg_showcmd",
  kind = { { 0, "6", 0 } }
}
{
  event = "msg_showcmd",
  kind = { { 0, "k", 0 } }
}
{
  event = "msg_showcmd",
  kind = { { 0, "7", 0 } }
}
{
  event = "msg_showcmd",
  kind = { { 0, "k", 0 } }
}
{
  event = "msg_showcmd",
  kind = { { 0, "8", 0 } }
}
{
  event = "msg_showcmd",
  kind = { { 0, "k", 0 } }
}
{
  event = "msg_showcmd",
  kind = { { 0, "9", 0 } }
}
{
  event = "msg_showcmd",
  kind = { { 0, "k", 0 } }
}
{
  event = "msg_showcmd",
  kind = { { 0, "10", 0 } }
}
{
  event = "msg_showcmd",
  kind = { { 0, "k", 0 } }
}
{
  event = "msg_showcmd",
  kind = { { 0, "11", 0 } }
}
{
  event = "msg_showcmd",
  kind = { { 0, "k", 0 } }
}
{
  event = "msg_showcmd",
  kind = { { 0, "12", 0 } }
}
{
  event = "msg_showcmd",
  kind = { { 0, "k", 0 } }
}
{
  event = "msg_showcmd",
  kind = { { 0, "13", 0 } }
}
{
  event = "msg_showcmd",
  kind = { { 0, "k", 0 } }
}
{
  event = "msg_showcmd",
  kind = { { 0, "14", 0 } }
}
{
  event = "msg_showcmd",
  kind = { { 0, "k", 0 } }
}
{
  event = "msg_showcmd",
  kind = { { 0, "15", 0 } }
}
{
  event = "msg_showcmd",
  kind = { { 0, "k", 0 } }
}
{
  event = "msg_showcmd",
  kind = { { 0, "16", 0 } }
}
{
  event = "msg_showcmd",
  kind = { { 0, "k", 0 } }
}
{
  event = "msg_showcmd",
  kind = { { 0, "17", 0 } }
}
{
  event = "msg_showcmd",
  kind = { { 0, "k", 0 } }
}
{
  event = "msg_showcmd",
  kind = { { 0, "18", 0 } }
}
{
  event = "msg_showcmd",
  kind = { { 0, "k", 0 } }
}
{
  event = "msg_showcmd",
  kind = { { 0, "19", 0 } }
}
{
  event = "msg_showcmd",
  kind = { { 0, "k", 0 } }
}
{
  event = "msg_showcmd",
  kind = { { 0, "20", 0 } }
}
{
  event = "msg_showcmd",
  kind = { { 0, "g", 0 } }
}
{
  event = "msg_showcmd",
  kind = {}
}
{
  event = "msg_showcmd",
  kind = { { 0, "g@", 0 } }
}
{
  event = "msg_showcmd",
  kind = {}
}
{
  event = "msg_showcmd",
  kind = { { 0, ":", 0 } }
}
{
  event = "msg_clear"
}
{ 0, ":", "", 0, 1, 0,
  event = "cmdline_show",
  kind = { { 0, "" } }
}
{ 1, ":", "", 0, 1, 0,
  event = "cmdline_show",
  kind = { { 0, "w" } }
}
{ 2, ":", "", 0, 1, 0,
  event = "cmdline_show",
  kind = { { 0, "wq" } }
}
{ false,
  event = "cmdline_hide",
  kind = 1
}
{ { { 0, '"after/plugin/noice.lua" ', 0 } }, false, false,
  event = "msg_show",
  kind = "bufwrite"
}
{ { { 0, '"after/plugin/noice.lua" 44L, 1246B written', 0 } }, true, true,
  event = "msg_show",
  kind = "bufwrite"
}
{
  event = "msg_showcmd",
  kind = { { 0, "j", 0 } }
}
{
  event = "msg_showcmd",
  kind = {}
}
{
  event = "msg_showcmd",
  kind = { { 0, "j", 0 } }
}
{
  event = "msg_showcmd",
  kind = {}
}
{
  event = "msg_showcmd",
  kind = { { 0, ":", 0 } }
}
{ 0, ":", "", 0, 1, 0,
  event = "cmdline_show",
  kind = { { 0, "" } }
}
{ 2, ":", "", 0, 1, 0,
  event = "cmdline_show",
  kind = { { 0, "wq" } }
}
{ 12, ":", "", 0, 1, 0,
  event = "cmdline_show",
  kind = { { 0, "TSInstall go" } }
}
{ false,
  event = "cmdline_hide",
  kind = 1
}
{ 0, "", "go parser already available: would you like to reinstall ? y/n: ", 0, 1, 0,
  event = "cmdline_show",
  kind = { { 0, "" } }
}
{ 1, "", "go parser already available: would you like to reinstall ? y/n: ", 0, 1, 0,
  event = "cmdline_show",
  kind = { { 0, "n" } }
}
{ false,
  event = "cmdline_hide",
  kind = 1
}
{ { { 0, "\n ", 0 } }, false, true,
  event = "msg_show",
  kind = "lua_print"
}
{
  event = "msg_showcmd",
  kind = {}
}
{
  event = "msg_showcmd",
  kind = { { 0, "j", 0 } }
}
{
  event = "msg_showcmd",
  kind = {}
}
{
  event = "msg_showcmd",
  kind = { { 0, "j", 0 } }
}
{
  event = "msg_showcmd",
  kind = {}
}
{
  event = "msg_showcmd",
  kind = { { 0, "j", 0 } }
}
{
  event = "msg_showcmd",
  kind = {}
}
{
  event = "msg_showcmd",
  kind = { { 0, "j", 0 } }
}
{
  event = "msg_showcmd",
  kind = {}
}
{
  event = "msg_showcmd",
  kind = { { 0, "j", 0 } }
}
{
  event = "msg_showcmd",
  kind = {}
}
{
  event = "msg_showcmd",
  kind = { { 0, "j", 0 } }
}
{
  event = "msg_showcmd",
  kind = {}
}
{
  event = "msg_showcmd",
  kind = { { 0, "j", 0 } }
}
{
  event = "msg_showcmd",
  kind = {}
}
{
  event = "msg_showcmd",
  kind = { { 0, "j", 0 } }
}
{
  event = "msg_showcmd",
  kind = {}
}
{
  event = "msg_showcmd",
  kind = { { 0, "v", 0 } }
}
{
  event = "msg_showcmd",
  kind = { { 0, "1", 0 } }
}
{
  event = "msg_showcmd",
  kind = { { 0, "j", 0 } }
}
{
  event = "msg_showcmd",
  kind = { { 0, "2", 0 } }
}
{
  event = "msg_showcmd",
  kind = { { 0, "j", 0 } }
}
{
  event = "msg_showcmd",
  kind = { { 0, "3", 0 } }
}
{
  event = "msg_showcmd",
  kind = { { 0, "j", 0 } }
}
{
  event = "msg_showcmd",
  kind = { { 0, "4", 0 } }
}
{
  event = "msg_showcmd",
  kind = { { 0, "j", 0 } }
}
{
  event = "msg_showcmd",
  kind = { { 0, "5", 0 } }
}
{
  event = "msg_showcmd",
  kind = { { 0, "j", 0 } }
}
{
  event = "msg_showcmd",
  kind = { { 0, "6", 0 } }
}
{
  event = "msg_showcmd",
  kind = { { 0, "j", 0 } }
}
{
  event = "msg_showcmd",
  kind = { { 0, "7", 0 } }
}
{
  event = "msg_showcmd",
  kind = { { 0, "j", 0 } }
}
{
  event = "msg_showcmd",
  kind = { { 0, "8", 0 } }
}
{
  event = "msg_showcmd",
  kind = { { 0, "j", 0 } }
}
{
  event = "msg_showcmd",
  kind = { { 0, "9", 0 } }
}
{
  event = "msg_showcmd",
  kind = { { 0, "j", 0 } }
}
{
  event = "msg_showcmd",
  kind = { { 0, "10", 0 } }
}
{
  event = "msg_showcmd",
  kind = { { 0, "j", 0 } }
}
{
  event = "msg_showcmd",
  kind = { { 0, "11", 0 } }
}
{
  event = "msg_showcmd",
  kind = { { 0, "j", 0 } }
}
{
  event = "msg_showcmd",
  kind = { { 0, "12", 0 } }
}
{
  event = "msg_showcmd",
  kind = { { 0, "j", 0 } }
}
{
  event = "msg_showcmd",
  kind = { { 0, "13", 0 } }
}
{
  event = "msg_showcmd",
  kind = { { 0, "k", 0 } }
}
{
  event = "msg_showcmd",
  kind = { { 0, "12", 0 } }
}
{
  event = "msg_showcmd",
  kind = { { 0, "g", 0 } }
}
{
  event = "msg_showcmd",
  kind = {}
}
{
  event = "msg_showcmd",
  kind = { { 0, "g@", 0 } }
}
{
  event = "msg_showcmd",
  kind = {}
}
{
  event = "msg_showcmd",
  kind = { { 0, "j", 0 } }
}
{
  event = "msg_showcmd",
  kind = {}
}
{
  event = "msg_showcmd",
  kind = { { 0, "k", 0 } }
}
{
  event = "msg_showcmd",
  kind = {}
}
{
  event = "msg_clear"
}
{ 20, ":", "", 0, 1, 0,
  event = "cmdline_show",
  kind = { { 0, "silent wa | silent w" } }
}
{ false,
  event = "cmdline_hide",
  kind = 1
}
{
  event = "msg_showcmd",
  kind = { { 0, ":", 0 } }
}
{ 0, ":", "", 0, 1, 0,
  event = "cmdline_show",
  kind = { { 0, "" } }
}
{ 1, ":", "", 0, 1, 0,
  event = "cmdline_show",
  kind = { { 0, "w" } }
}
{ 2, ":", "", 0, 1, 0,
  event = "cmdline_show",
  kind = { { 0, "wq" } }
}
{ 3, ":", "", 0, 1, 0,
  event = "cmdline_show",
  kind = { { 0, "wqa" } }
}
{ false,
  event = "cmdline_hide",
  kind = 1
}
{
  event = "msg_showcmd",
  kind = { { 0, "j", 0 } }
}
{
  event = "msg_showcmd",
  kind = {}
}
{
  event = "msg_showcmd",
  kind = { { 0, "j", 0 } }
}
{
  event = "msg_showcmd",
  kind = {}
}
{
  event = "msg_showcmd",
  kind = { { 0, "j", 0 } }
}
{
  event = "msg_showcmd",
  kind = {}
}
{
  event = "msg_showcmd",
  kind = { { 0, "j", 0 } }
}
{
  event = "msg_showcmd",
  kind = {}
}
{
  event = "msg_showcmd",
  kind = { { 0, "j", 0 } }
}
{
  event = "msg_showcmd",
  kind = {}
}
{
  event = "msg_showcmd",
  kind = { { 0, "j", 0 } }
}
{
  event = "msg_showcmd",
  kind = {}
}
{
  event = "msg_showcmd",
  kind = { { 0, "j", 0 } }
}
{
  event = "msg_showcmd",
  kind = {}
}
{
  event = "msg_showcmd",
  kind = { { 0, "j", 0 } }
}
{
  event = "msg_showcmd",
  kind = {}
}
{
  event = "msg_showcmd",
  kind = { { 0, "j", 0 } }
}
{
  event = "msg_showcmd",
  kind = {}
}
{
  event = "msg_showcmd",
  kind = { { 0, "j", 0 } }
}
{
  event = "msg_showcmd",
  kind = {}
}
{
  event = "msg_showcmd",
  kind = { { 0, "k", 0 } }
}
{
  event = "msg_showcmd",
  kind = {}
}
{
  event = "msg_showcmd",
  kind = { { 0, ":", 0 } }
}
{ 0, ":", "", 0, 1, 0,
  event = "cmdline_show",
  kind = { { 0, "" } }
}
{ 3, ":", "", 0, 1, 0,
  event = "cmdline_show",
  kind = { { 0, "wqa" } }
}
{ 12, ":", "", 0, 1, 0,
  event = "cmdline_show",
  kind = { { 0, "TSInstall go" } }
}
{ false,
  event = "cmdline_hide",
  kind = 1
}
{ 0, "", "go parser already available: would you like to reinstall ? y/n: ", 0, 1, 0,
  event = "cmdline_show",
  kind = { { 0, "" } }
}
{ 1, "", "go parser already available: would you like to reinstall ? y/n: ", 0, 1, 0,
  event = "cmdline_show",
  kind = { { 0, "k" } }
}
{ 2, "", "go parser already available: would you like to reinstall ? y/n: ", 0, 1, 0,
  event = "cmdline_show",
  kind = { { 0, "kj" } }
}
{ false,
  event = "cmdline_hide",
  kind = 1
}
{ { { 0, "\n ", 0 } }, false, true,
  event = "msg_show",
  kind = "lua_print"
}
{
  event = "msg_showcmd",
  kind = {}
}
{
  event = "msg_showcmd",
  kind = { { 0, "j", 0 } }
}
{
  event = "msg_showcmd",
  kind = {}
}
{
  event = "msg_showcmd",
  kind = { { 0, "j", 0 } }
}
{
  event = "msg_showcmd",
  kind = {}
}
{
  event = "msg_showcmd",
  kind = { { 0, "j", 0 } }
}
{
  event = "msg_showcmd",
  kind = {}
}
{
  event = "msg_showcmd",
  kind = { { 0, "j", 0 } }
}
{
  event = "msg_showcmd",
  kind = {}
}
{
  event = "msg_showcmd",
  kind = { { 0, "j", 0 } }
}
{
  event = "msg_showcmd",
  kind = {}
}
{
  event = "msg_showcmd",
  kind = { { 0, "j", 0 } }
}
{
  event = "msg_showcmd",
  kind = {}
}
{
  event = "msg_showcmd",
  kind = { { 0, "l", 0 } }
}
{
  event = "msg_showcmd",
  kind = {}
}
{
  event = "msg_showcmd",
  kind = { { 0, "l", 0 } }
}
{
  event = "msg_showcmd",
  kind = {}
}
{
  event = "msg_showcmd",
  kind = { { 0, "l", 0 } }
}
{
  event = "msg_showcmd",
  kind = {}
}
{
  event = "msg_showcmd",
  kind = { { 0, "l", 0 } }
}
{
  event = "msg_showcmd",
  kind = {}
}
{
  event = "msg_showcmd",
  kind = { { 0, "l", 0 } }
}
{
  event = "msg_showcmd",
  kind = {}
}
{
  event = "msg_showcmd",
  kind = { { 0, "l", 0 } }
}
{
  event = "msg_showcmd",
  kind = {}
}
{
  event = "msg_showcmd",
  kind = { { 0, "l", 0 } }
}
{
  event = "msg_showcmd",
  kind = {}
}
{
  event = "msg_showcmd",
  kind = { { 0, "l", 0 } }
}
{
  event = "msg_showcmd",
  kind = {}
}
{
  event = "msg_showcmd",
  kind = { { 0, "l", 0 } }
}
{
  event = "msg_showcmd",
  kind = {}
}
{
  event = "msg_showcmd",
  kind = { { 0, "l", 0 } }
}
{
  event = "msg_showcmd",
  kind = {}
}
{
  event = "msg_showcmd",
  kind = { { 0, "l", 0 } }
}
{
  event = "msg_showcmd",
  kind = {}
}
{
  event = "msg_showcmd",
  kind = { { 0, "l", 0 } }
}
{
  event = "msg_showcmd",
  kind = {}
}
{
  event = "msg_showcmd",
  kind = { { 0, "l", 0 } }
}
{
  event = "msg_showcmd",
  kind = {}
}
{
  event = "msg_showcmd",
  kind = { { 0, "k", 0 } }
}
{
  event = "msg_showcmd",
  kind = {}
}
{
  event = "msg_showcmd",
  kind = { { 0, "v", 0 } }
}
{
  event = "msg_showcmd",
  kind = { { 0, "1", 0 } }
}
{
  event = "msg_showcmd",
  kind = { { 0, "j", 0 } }
}
{
  event = "msg_showcmd",
  kind = { { 0, "2", 0 } }
}
{
  event = "msg_showcmd",
  kind = { { 0, "j", 0 } }
}
{
  event = "msg_showcmd",
  kind = { { 0, "3", 0 } }
}
{
  event = "msg_showcmd",
  kind = { { 0, "j", 0 } }
}
{
  event = "msg_showcmd",
  kind = { { 0, "4", 0 } }
}
{
  event = "msg_showcmd",
  kind = { { 0, "j", 0 } }
}
{
  event = "msg_showcmd",
  kind = { { 0, "5", 0 } }
}
{
  event = "msg_showcmd",
  kind = { { 0, "j", 0 } }
}
{
  event = "msg_showcmd",
  kind = { { 0, "6", 0 } }
}
{
  event = "msg_showcmd",
  kind = { { 0, "g", 0 } }
}
{
  event = "msg_showcmd",
  kind = {}
}
{
  event = "msg_showcmd",
  kind = { { 0, "g@", 0 } }
}
{
  event = "msg_showcmd",
  kind = {}
}
{
  event = "msg_showcmd",
  kind = { { 0, "j", 0 } }
}
{
  event = "msg_showcmd",
  kind = {}
}
{
  event = "msg_showcmd",
  kind = { { 0, "k", 0 } }
}
{
  event = "msg_showcmd",
  kind = {}
}
{
  event = "msg_clear"
}
{ 20, ":", "", 0, 1, 0,
  event = "cmdline_show",
  kind = { { 0, "silent wa | silent w" } }
}
{ false,
  event = "cmdline_hide",
  kind = 1
}
{
  event = "msg_showcmd",
  kind = { { 0, ":", 0 } }
}
{ 0, ":", "", 0, 1, 0,
  event = "cmdline_show",
  kind = { { 0, "" } }
}
{ 1, ":", "", 0, 1, 0,
  event = "cmdline_show",
  kind = { { 0, "w" } }
}
{ 2, ":", "", 0, 1, 0,
  event = "cmdline_show",
  kind = { { 0, "wq" } }
}
{ 3, ":", "", 0, 1, 0,
  event = "cmdline_show",
  kind = { { 0, "wqa" } }
}
{ false,
  event = "cmdline_hide",
  kind = 1
}
{
  event = "msg_showcmd",
  kind = { { 0, "j", 0 } }
}
{
  event = "msg_showcmd",
  kind = {}
}
{
  event = "msg_showcmd",
  kind = { { 0, "j", 0 } }
}
{
  event = "msg_showcmd",
  kind = {}
}
{
  event = "msg_showcmd",
  kind = { { 0, "j", 0 } }
}
{
  event = "msg_showcmd",
  kind = {}
}
{
  event = "msg_showcmd",
  kind = { { 0, "j", 0 } }
}
{
  event = "msg_showcmd",
  kind = {}
}
{
  event = "msg_showcmd",
  kind = { { 0, "j", 0 } }
}
{
  event = "msg_showcmd",
  kind = {}
}
{
  event = "msg_showcmd",
  kind = { { 0, "j", 0 } }
}
{
  event = "msg_showcmd",
  kind = {}
}
{
  event = "msg_showcmd",
  kind = { { 0, "j", 0 } }
}
{
  event = "msg_showcmd",
  kind = {}
}
{
  event = "msg_showcmd",
  kind = { { 0, "j", 0 } }
}
{
  event = "msg_showcmd",
  kind = {}
}
{
  event = "msg_showcmd",
  kind = { { 0, "j", 0 } }
}
{
  event = "msg_showcmd",
  kind = {}
}
{
  event = "msg_showcmd",
  kind = { { 0, "j", 0 } }
}
{
  event = "msg_showcmd",
  kind = {}
}
{
  event = "msg_showcmd",
  kind = { { 0, "j", 0 } }
}
{
  event = "msg_showcmd",
  kind = {}
}
{
  event = "msg_showcmd",
  kind = { { 0, "j", 0 } }
}
{
  event = "msg_showcmd",
  kind = {}
}
{
  event = "msg_showcmd",
  kind = { { 0, "k", 0 } }
}
{
  event = "msg_showcmd",
  kind = {}
}
{
  event = "msg_showcmd",
  kind = { { 0, "j", 0 } }
}
{
  event = "msg_showcmd",
  kind = {}
}
{
  event = "msg_showcmd",
  kind = { { 0, "k", 0 } }
}
{
  event = "msg_showcmd",
  kind = {}
}
{
  event = "msg_showcmd",
  kind = { { 0, ":", 0 } }
}
{ 0, ":", "", 0, 1, 0,
  event = "cmdline_show",
  kind = { { 0, "" } }
}
{ 3, ":", "", 0, 1, 0,
  event = "cmdline_show",
  kind = { { 0, "wqa" } }
}
{ 12, ":", "", 0, 1, 0,
  event = "cmdline_show",
  kind = { { 0, "TSInstall go" } }
}
{ false,
  event = "cmdline_hide",
  kind = 1
}
{ 0, "", "go parser already available: would you like to reinstall ? y/n: ", 0, 1, 0,
  event = "cmdline_show",
  kind = { { 0, "" } }
}
{ 1, "", "go parser already available: would you like to reinstall ? y/n: ", 0, 1, 0,
  event = "cmdline_show",
  kind = { { 0, "n" } }
}
{ false,
  event = "cmdline_hide",
  kind = 1
}
{ { { 0, "\n ", 0 } }, false, true,
  event = "msg_show",
  kind = "lua_print"
}
{
  event = "msg_showcmd",
  kind = {}
}
{
  event = "msg_showcmd",
  kind = { { 0, "j", 0 } }
}
{
  event = "msg_showcmd",
  kind = {}
}
{
  event = "msg_showcmd",
  kind = { { 0, "j", 0 } }
}
{
  event = "msg_showcmd",
  kind = {}
}
{
  event = "msg_showcmd",
  kind = { { 0, "j", 0 } }
}
{
  event = "msg_showcmd",
  kind = {}
}
{
  event = "msg_showcmd",
  kind = { { 0, "j", 0 } }
}
{
  event = "msg_showcmd",
  kind = {}
}
{
  event = "msg_showcmd",
  kind = { { 0, "j", 0 } }
}
{
  event = "msg_showcmd",
  kind = {}
}
{
  event = "msg_showcmd",
  kind = { { 0, "j", 0 } }
}
{
  event = "msg_showcmd",
  kind = {}
}
{
  event = "msg_showcmd",
  kind = { { 0, "l", 0 } }
}
{
  event = "msg_showcmd",
  kind = {}
}
{
  event = "msg_showcmd",
  kind = { { 0, "l", 0 } }
}
{
  event = "msg_showcmd",
  kind = {}
}
{
  event = "msg_showcmd",
  kind = { { 0, "l", 0 } }
}
{
  event = "msg_showcmd",
  kind = {}
}
{
  event = "msg_showcmd",
  kind = { { 0, "l", 0 } }
}
{
  event = "msg_showcmd",
  kind = {}
}
{
  event = "msg_showcmd",
  kind = { { 0, "l", 0 } }
}
{
  event = "msg_showcmd",
  kind = {}
}
{
  event = "msg_showcmd",
  kind = { { 0, "l", 0 } }
}
{
  event = "msg_showcmd",
  kind = {}
}
{
  event = "msg_showcmd",
  kind = { { 0, "l", 0 } }
}
{
  event = "msg_showcmd",
  kind = {}
}
{
  event = "msg_showcmd",
  kind = { { 0, "l", 0 } }
}
{
  event = "msg_showcmd",
  kind = {}
}
{
  event = "msg_showcmd",
  kind = { { 0, "l", 0 } }
}
{
  event = "msg_showcmd",
  kind = {}
}
{
  event = "msg_showcmd",
  kind = { { 0, "l", 0 } }
}
{
  event = "msg_showcmd",
  kind = {}
}
{
  event = "msg_showcmd",
  kind = { { 0, "l", 0 } }
}
{
  event = "msg_showcmd",
  kind = {}
}
{
  event = "msg_showcmd",
  kind = { { 0, "l", 0 } }
}
{
  event = "msg_showcmd",
  kind = {}
}
{
  event = "msg_showcmd",
  kind = { { 0, "l", 0 } }
}
{
  event = "msg_showcmd",
  kind = {}
}
{
  event = "msg_showcmd",
  kind = { { 0, "l", 0 } }
}
{
  event = "msg_showcmd",
  kind = {}
}
{
  event = "msg_showcmd",
  kind = { { 0, "l", 0 } }
}
{
  event = "msg_showcmd",
  kind = {}
}
{
  event = "msg_showcmd",
  kind = { { 0, "j", 0 } }
}
{
  event = "msg_showcmd",
  kind = {}
}
{
  event = "msg_showcmd",
  kind = { { 0, "k", 0 } }
}
{
  event = "msg_showcmd",
  kind = {}
}
{
  event = "msg_showcmd",
  kind = { { 0, "j", 0 } }
}
{
  event = "msg_showcmd",
  kind = {}
}
{
  event = "msg_showcmd",
  kind = { { 0, "j", 0 } }
}
{
  event = "msg_showcmd",
  kind = {}
}
{
  event = "msg_showcmd",
  kind = { { 0, "k", 0 } }
}
{
  event = "msg_showcmd",
  kind = {}
}
{
  event = "msg_showcmd",
  kind = { { 0, "k", 0 } }
}
{
  event = "msg_showcmd",
  kind = {}
}
{
  event = "msg_showcmd",
  kind = { { 0, "k", 0 } }
}
{
  event = "msg_showcmd",
  kind = {}
}
{
  event = "msg_showcmd",
  kind = { { 0, "k", 0 } }
}
{
  event = "msg_showcmd",
  kind = {}
}
{
  event = "msg_showcmd",
  kind = { { 0, "k", 0 } }
}
{
  event = "msg_showcmd",
  kind = {}
}
{
  event = "msg_showcmd",
  kind = { { 0, "j", 0 } }
}
{
  event = "msg_showcmd",
  kind = {}
}
{
  event = "msg_showcmd",
  kind = { { 0, "j", 0 } }
}
{
  event = "msg_showcmd",
  kind = {}
}
{
  event = "msg_showcmd",
  kind = { { 0, "j", 0 } }
}
{
  event = "msg_showcmd",
  kind = {}
}
{
  event = "msg_showcmd",
  kind = { { 0, "j", 0 } }
}
{
  event = "msg_showcmd",
  kind = {}
}
{
  event = "msg_showcmd",
  kind = { { 0, ":", 0 } }
}
{
  event = "msg_clear"
}
{ 0, ":", "", 0, 1, 0,
  event = "cmdline_show",
  kind = { { 0, "" } }
}
{ true,
  event = "cmdline_hide",
  kind = 1
}
{
  event = "msg_showcmd",
  kind = {}
}
{
  event = "msg_showcmd",
  kind = { { 0, "k", 0 } }
}
{
  event = "msg_showcmd",
  kind = {}
}
{
  event = "msg_showcmd",
  kind = { { 0, "j", 0 } }
}
{
  event = "msg_showcmd",
  kind = {}
}
{
  event = "msg_showcmd",
  kind = { { 0, "k", 0 } }
}
{
  event = "msg_showcmd",
  kind = {}
}
{
  event = "msg_showcmd",
  kind = { { 0, "k", 0 } }
}
{
  event = "msg_showcmd",
  kind = {}
}
{
  event = "msg_showcmd",
  kind = { { 0, "k", 0 } }
}
{
  event = "msg_showcmd",
  kind = {}
}
{
  event = "msg_showcmd",
  kind = { { 0, "k", 0 } }
}
{
  event = "msg_showcmd",
  kind = {}
}
{
  event = "msg_showcmd",
  kind = { { 0, "j", 0 } }
}
{
  event = "msg_showcmd",
  kind = {}
}
{
  event = "msg_showcmd",
  kind = { { 0, "j", 0 } }
}
{
  event = "msg_showcmd",
  kind = {}
}
{
  event = "msg_showcmd",
  kind = { { 0, "j", 0 } }
}
{
  event = "msg_showcmd",
  kind = {}
}
{
  event = "msg_showcmd",
  kind = { { 0, "j", 0 } }
}
{
  event = "msg_showcmd",
  kind = {}
}
{
  event = "msg_showcmd",
  kind = { { 0, "k", 0 } }
}
{
  event = "msg_showcmd",
  kind = {}
}
{
  event = "msg_showcmd",
  kind = { { 0, "j", 0 } }
}
{
  event = "msg_showcmd",
  kind = {}
}
{
  event = "msg_showcmd",
  kind = { { 0, "j", 0 } }
}
{
  event = "msg_showcmd",
  kind = {}
}
{
  event = "msg_showcmd",
  kind = { { 0, "g", 0 } }
}
{
  event = "msg_showcmd",
  kind = {}
}
{
  event = "msg_showcmd",
  kind = { { 0, "g", 0 } }
}
{
  event = "msg_showcmd",
  kind = { { 0, "gc", 0 } }
}
{
  event = "msg_showcmd",
  kind = {}
}
{
  event = "msg_showcmd",
  kind = { { 0, "g@_", 0 } }
}
{
  event = "msg_showcmd",
  kind = {}
}
{
  event = "msg_showcmd",
  kind = { { 0, "j", 0 } }
}
{
  event = "msg_showcmd",
  kind = {}
}
{
  event = "msg_showcmd",
  kind = { { 0, "k", 0 } }
}
{
  event = "msg_showcmd",
  kind = {}
}
{ 20, ":", "", 0, 1, 0,
  event = "cmdline_show",
  kind = { { 0, "silent wa | silent w" } }
}
{ false,
  event = "cmdline_hide",
  kind = 1
}
{
  event = "msg_showcmd",
  kind = { { 0, ":", 0 } }
}
{ 0, ":", "", 0, 1, 0,
  event = "cmdline_show",
  kind = { { 0, "" } }
}
{ 1, ":", "", 0, 1, 0,
  event = "cmdline_show",
  kind = { { 0, "w" } }
}
{ 2, ":", "", 0, 1, 0,
  event = "cmdline_show",
  kind = { { 0, "wq" } }
}
{ 3, ":", "", 0, 1, 0,
  event = "cmdline_show",
  kind = { { 0, "wqa" } }
}
{ false,
  event = "cmdline_hide",
  kind = 1
}
{
  event = "msg_showcmd",
  kind = { { 0, ":", 0 } }
}
{ 0, ":", "", 0, 1, 0,
  event = "cmdline_show",
  kind = { { 0, "" } }
}
{ 3, ":", "", 0, 1, 0,
  event = "cmdline_show",
  kind = { { 0, "wqa" } }
}
{ 12, ":", "", 0, 1, 0,
  event = "cmdline_show",
  kind = { { 0, "TSInstall go" } }
}
{ false,
  event = "cmdline_hide",
  kind = 1
}
{ 0, "", "go parser already available: would you like to reinstall ? y/n: ", 0, 1, 0,
  event = "cmdline_show",
  kind = { { 0, "" } }
}
{ 1, "", "go parser already available: would you like to reinstall ? y/n: ", 0, 1, 0,
  event = "cmdline_show",
  kind = { { 0, "j" } }
}
{ 2, "", "go parser already available: would you like to reinstall ? y/n: ", 0, 1, 0,
  event = "cmdline_show",
  kind = { { 0, "jj" } }
}
{ 3, "", "go parser already available: would you like to reinstall ? y/n: ", 0, 1, 0,
  event = "cmdline_show",
  kind = { { 0, "jjj" } }
}
{ false,
  event = "cmdline_hide",
  kind = 1
}
{ { { 0, "\n ", 0 } }, false, true,
  event = "msg_show",
  kind = "lua_print"
}
{
  event = "msg_showcmd",
  kind = {}
}
{
  event = "msg_showcmd",
  kind = { { 0, "j", 0 } }
}
{
  event = "msg_showcmd",
  kind = {}
}
{
  event = "msg_showcmd",
  kind = { { 0, "j", 0 } }
}
{
  event = "msg_showcmd",
  kind = {}
}
{
  event = "msg_showcmd",
  kind = { { 0, "j", 0 } }
}
{
  event = "msg_showcmd",
  kind = {}
}
{
  event = "msg_showcmd",
  kind = { { 0, "j", 0 } }
}
{
  event = "msg_showcmd",
  kind = {}
}
{
  event = "msg_showcmd",
  kind = { { 0, "j", 0 } }
}
{
  event = "msg_showcmd",
  kind = {}
}
{
  event = "msg_showcmd",
  kind = { { 0, "j", 0 } }
}
{
  event = "msg_showcmd",
  kind = {}
}
{
  event = "msg_showcmd",
  kind = { { 0, "j", 0 } }
}
{
  event = "msg_showcmd",
  kind = {}
}
{
  event = "msg_showcmd",
  kind = { { 0, "j", 0 } }
}
{
  event = "msg_showcmd",
  kind = {}
}
{
  event = "msg_showcmd",
  kind = { { 0, "j", 0 } }
}
{
  event = "msg_showcmd",
  kind = {}
}
{
  event = "msg_showcmd",
  kind = { { 0, "j", 0 } }
}
{
  event = "msg_showcmd",
  kind = {}
}
{
  event = "msg_showcmd",
  kind = { { 0, "j", 0 } }
}
{
  event = "msg_showcmd",
  kind = {}
}
{
  event = "msg_showcmd",
  kind = { { 0, "j", 0 } }
}
{
  event = "msg_showcmd",
  kind = {}
}
{
  event = "msg_showcmd",
  kind = { { 0, "j", 0 } }
}
{
  event = "msg_showcmd",
  kind = {}
}
{
  event = "msg_showcmd",
  kind = { { 0, "j", 0 } }
}
{
  event = "msg_showcmd",
  kind = {}
}
{
  event = "msg_showcmd",
  kind = { { 0, "j", 0 } }
}
{
  event = "msg_showcmd",
  kind = {}
}
{
  event = "msg_showcmd",
  kind = { { 0, "j", 0 } }
}
{
  event = "msg_showcmd",
  kind = {}
}
{
  event = "msg_showcmd",
  kind = { { 0, "j", 0 } }
}
{
  event = "msg_showcmd",
  kind = {}
}
{
  event = "msg_showcmd",
  kind = { { 0, "j", 0 } }
}
{
  event = "msg_showcmd",
  kind = {}
}
{
  event = "msg_showcmd",
  kind = { { 0, "j", 0 } }
}
{
  event = "msg_showcmd",
  kind = {}
}
{
  event = "msg_showcmd",
  kind = { { 0, "j", 0 } }
}
{
  event = "msg_showcmd",
  kind = {}
}
{
  event = "msg_showcmd",
  kind = { { 0, "k", 0 } }
}
{
  event = "msg_showcmd",
  kind = {}
}
{
  event = "msg_showcmd",
  kind = { { 0, "l", 0 } }
}
{
  event = "msg_showcmd",
  kind = {}
}
{
  event = "msg_showcmd",
  kind = { { 0, "l", 0 } }
}
{
  event = "msg_showcmd",
  kind = {}
}
{
  event = "msg_showcmd",
  kind = { { 0, "l", 0 } }
}
{
  event = "msg_showcmd",
  kind = {}
}
{
  event = "msg_showcmd",
  kind = { { 0, "l", 0 } }
}
{
  event = "msg_showcmd",
  kind = {}
}
{
  event = "msg_showcmd",
  kind = { { 0, "l", 0 } }
}
{
  event = "msg_showcmd",
  kind = {}
}
{
  event = "msg_showcmd",
  kind = { { 0, "l", 0 } }
}
{
  event = "msg_showcmd",
  kind = {}
}
{
  event = "msg_showcmd",
  kind = { { 0, "l", 0 } }
}
{
  event = "msg_showcmd",
  kind = {}
}
{
  event = "msg_showcmd",
  kind = { { 0, "l", 0 } }
}
{
  event = "msg_showcmd",
  kind = {}
}
{
  event = "msg_showcmd",
  kind = { { 0, "l", 0 } }
}
{
  event = "msg_showcmd",
  kind = {}
}
{
  event = "msg_showcmd",
  kind = { { 0, "l", 0 } }
}
{
  event = "msg_showcmd",
  kind = {}
}
{
  event = "msg_showcmd",
  kind = { { 0, "l", 0 } }
}
{
  event = "msg_showcmd",
  kind = {}
}
{
  event = "msg_showcmd",
  kind = { { 0, "l", 0 } }
}
{
  event = "msg_showcmd",
  kind = {}
}
{
  event = "msg_showcmd",
  kind = { { 0, "l", 0 } }
}
{
  event = "msg_showcmd",
  kind = {}
}
{
  event = "msg_showcmd",
  kind = { { 0, "l", 0 } }
}
{
  event = "msg_showcmd",
  kind = {}
}
{
  event = "msg_showcmd",
  kind = { { 0, "k", 0 } }
}
{
  event = "msg_showcmd",
  kind = {}
}
{
  event = "msg_showcmd",
  kind = { { 0, "v", 0 } }
}
{
  event = "msg_showcmd",
  kind = { { 0, "1", 0 } }
}
{
  event = "msg_showcmd",
  kind = { { 0, "k", 0 } }
}
{
  event = "msg_showcmd",
  kind = { { 0, "2", 0 } }
}
{
  event = "msg_showcmd",
  kind = { { 0, "k", 0 } }
}
{
  event = "msg_showcmd",
  kind = { { 0, "3", 0 } }
}
{
  event = "msg_showcmd",
  kind = { { 0, "k", 0 } }
}
{
  event = "msg_showcmd",
  kind = { { 0, "4", 0 } }
}
{
  event = "msg_showcmd",
  kind = { { 0, "k", 0 } }
}
{
  event = "msg_showcmd",
  kind = { { 0, "5", 0 } }
}
{
  event = "msg_showcmd",
  kind = { { 0, "g", 0 } }
}
{
  event = "msg_showcmd",
  kind = {}
}
{
  event = "msg_showcmd",
  kind = { { 0, "g@", 0 } }
}
{
  event = "msg_showcmd",
  kind = {}
}
{
  event = "msg_showcmd",
  kind = { { 0, "j", 0 } }
}
{
  event = "msg_showcmd",
  kind = {}
}
{
  event = "msg_showcmd",
  kind = { { 0, "j", 0 } }
}
{
  event = "msg_showcmd",
  kind = {}
}
{
  event = "msg_showcmd",
  kind = { { 0, "j", 0 } }
}
{
  event = "msg_showcmd",
  kind = {}
}
{
  event = "msg_showcmd",
  kind = { { 0, "j", 0 } }
}
{
  event = "msg_showcmd",
  kind = {}
}
{
  event = "msg_showcmd",
  kind = { { 0, "j", 0 } }
}
{
  event = "msg_showcmd",
  kind = {}
}
{
  event = "msg_showcmd",
  kind = { { 0, "j", 0 } }
}
{
  event = "msg_showcmd",
  kind = {}
}
{
  event = "msg_showcmd",
  kind = { { 0, "j", 0 } }
}
{
  event = "msg_showcmd",
  kind = {}
}
{
  event = "msg_showcmd",
  kind = { { 0, "k", 0 } }
}
{
  event = "msg_showcmd",
  kind = {}
}
{
  event = "msg_showcmd",
  kind = { { 0, "k", 0 } }
}
{
  event = "msg_showcmd",
  kind = {}
}
{
  event = "msg_showcmd",
  kind = { { 0, "g", 0 } }
}
{
  event = "msg_showcmd",
  kind = {}
}
{
  event = "msg_showcmd",
  kind = { { 0, "g", 0 } }
}
{
  event = "msg_showcmd",
  kind = { { 0, "gc", 0 } }
}
{
  event = "msg_showcmd",
  kind = {}
}
{
  event = "msg_showcmd",
  kind = { { 0, "g@_", 0 } }
}
{
  event = "msg_showcmd",
  kind = {}
}
{
  event = "msg_showcmd",
  kind = { { 0, "j", 0 } }
}
{
  event = "msg_showcmd",
  kind = {}
}
{
  event = "msg_showcmd",
  kind = { { 0, "j", 0 } }
}
{
  event = "msg_showcmd",
  kind = {}
}
{
  event = "msg_showcmd",
  kind = { { 0, "j", 0 } }
}
{
  event = "msg_showcmd",
  kind = {}
}
{
  event = "msg_showcmd",
  kind = { { 0, "v", 0 } }
}
{
  event = "msg_showcmd",
  kind = { { 0, "1", 0 } }
}
{
  event = "msg_showcmd",
  kind = { { 0, "j", 0 } }
}
{
  event = "msg_showcmd",
  kind = { { 0, "2", 0 } }
}
{
  event = "msg_showcmd",
  kind = { { 0, "j", 0 } }
}
{
  event = "msg_showcmd",
  kind = { { 0, "3", 0 } }
}
{
  event = "msg_showcmd",
  kind = { { 0, "j", 0 } }
}
{
  event = "msg_showcmd",
  kind = { { 0, "4", 0 } }
}
{
  event = "msg_showcmd",
  kind = { { 0, "j", 0 } }
}
{
  event = "msg_showcmd",
  kind = { { 0, "5", 0 } }
}
{
  event = "msg_showcmd",
  kind = { { 0, "j", 0 } }
}
{
  event = "msg_showcmd",
  kind = { { 0, "6", 0 } }
}
{
  event = "msg_showcmd",
  kind = { { 0, "j", 0 } }
}
{
  event = "msg_showcmd",
  kind = { { 0, "7", 0 } }
}
{
  event = "msg_showcmd",
  kind = { { 0, "j", 0 } }
}
{
  event = "msg_showcmd",
  kind = { { 0, "8", 0 } }
}
{
  event = "msg_showcmd",
  kind = { { 0, "j", 0 } }
}
{
  event = "msg_showcmd",
  kind = { { 0, "9", 0 } }
}
{
  event = "msg_showcmd",
  kind = { { 0, "j", 0 } }
}
{
  event = "msg_showcmd",
  kind = { { 0, "10", 0 } }
}
{
  event = "msg_showcmd",
  kind = { { 0, "j", 0 } }
}
{
  event = "msg_showcmd",
  kind = { { 0, "11", 0 } }
}
{
  event = "msg_showcmd",
  kind = { { 0, "j", 0 } }
}
{
  event = "msg_showcmd",
  kind = { { 0, "12", 0 } }
}
{
  event = "msg_showcmd",
  kind = { { 0, "j", 0 } }
}
{
  event = "msg_showcmd",
  kind = { { 0, "13", 0 } }
}
{
  event = "msg_showcmd",
  kind = { { 0, "j", 0 } }
}
{
  event = "msg_showcmd",
  kind = { { 0, "14", 0 } }
}
{
  event = "msg_showcmd",
  kind = { { 0, "j", 0 } }
}
{
  event = "msg_showcmd",
  kind = { { 0, "15", 0 } }
}
{
  event = "msg_showcmd",
  kind = { { 0, "j", 0 } }
}
{
  event = "msg_showcmd",
  kind = { { 0, "16", 0 } }
}
{
  event = "msg_showcmd",
  kind = { { 0, "j", 0 } }
}
{
  event = "msg_showcmd",
  kind = { { 0, "17", 0 } }
}
{
  event = "msg_showcmd",
  kind = { { 0, "j", 0 } }
}
{
  event = "msg_showcmd",
  kind = { { 0, "18", 0 } }
}
{
  event = "msg_showcmd",
  kind = { { 0, "j", 0 } }
}
{
  event = "msg_showcmd",
  kind = { { 0, "19", 0 } }
}
{
  event = "msg_showcmd",
  kind = { { 0, "j", 0 } }
}
{
  event = "msg_showcmd",
  kind = { { 0, "20", 0 } }
}
{
  event = "msg_showcmd",
  kind = { { 0, "j", 0 } }
}
{
  event = "msg_showcmd",
  kind = { { 0, "21", 0 } }
}
{
  event = "msg_showcmd",
  kind = { { 0, "g", 0 } }
}
{
  event = "msg_showcmd",
  kind = {}
}
{
  event = "msg_showcmd",
  kind = { { 0, "g@", 0 } }
}
{
  event = "msg_showcmd",
  kind = {}
}
{
  event = "msg_showcmd",
  kind = { { 0, "j", 0 } }
}
{
  event = "msg_showcmd",
  kind = {}
}
{
  event = "msg_showcmd",
  kind = { { 0, "k", 0 } }
}
{
  event = "msg_showcmd",
  kind = {}
}
{
  event = "msg_clear"
}
{ 20, ":", "", 0, 1, 0,
  event = "cmdline_show",
  kind = { { 0, "silent wa | silent w" } }
}
{ false,
  event = "cmdline_hide",
  kind = 1
}
{
  event = "msg_showcmd",
  kind = { { 0, "k", 0 } }
}
{
  event = "msg_showcmd",
  kind = {}
}
{
  event = "msg_showcmd",
  kind = { { 0, "k", 0 } }
}
{
  event = "msg_showcmd",
  kind = {}
}
{
  event = "msg_showcmd",
  kind = { { 0, "k", 0 } }
}
{
  event = "msg_showcmd",
  kind = {}
}
{
  event = "msg_showcmd",
  kind = { { 0, "k", 0 } }
}
{
  event = "msg_showcmd",
  kind = {}
}
{
  event = "msg_showcmd",
  kind = { { 0, "k", 0 } }
}
{
  event = "msg_showcmd",
  kind = {}
}
{
  event = "msg_showcmd",
  kind = { { 0, "k", 0 } }
}
{
  event = "msg_showcmd",
  kind = {}
}
{
  event = "msg_showcmd",
  kind = { { 0, "k", 0 } }
}
{
  event = "msg_showcmd",
  kind = {}
}
{
  event = "msg_showcmd",
  kind = { { 0, "k", 0 } }
}
{
  event = "msg_showcmd",
  kind = {}
}
{
  event = "msg_showcmd",
  kind = { { 0, "k", 0 } }
}
{
  event = "msg_showcmd",
  kind = {}
}
{
  event = "msg_showcmd",
  kind = { { 0, "k", 0 } }
}
{
  event = "msg_showcmd",
  kind = {}
}
{
  event = "msg_showcmd",
  kind = { { 0, "k", 0 } }
}
{
  event = "msg_showcmd",
  kind = {}
}
{
  event = "msg_showcmd",
  kind = { { 0, "k", 0 } }
}
{
  event = "msg_showcmd",
  kind = {}
}
{
  event = "msg_showcmd",
  kind = { { 0, "k", 0 } }
}
{
  event = "msg_showcmd",
  kind = {}
}
{
  event = "msg_showcmd",
  kind = { { 0, "v", 0 } }
}
{
  event = "msg_showcmd",
  kind = { { 0, "1", 0 } }
}
{
  event = "msg_showcmd",
  kind = { { 0, "k", 0 } }
}
{
  event = "msg_showcmd",
  kind = { { 0, "2", 0 } }
}
{
  event = "msg_showcmd",
  kind = { { 0, "k", 0 } }
}
{
  event = "msg_showcmd",
  kind = { { 0, "3", 0 } }
}
{
  event = "msg_showcmd",
  kind = { { 0, "k", 0 } }
}
{
  event = "msg_showcmd",
  kind = { { 0, "4", 0 } }
}
{
  event = "msg_showcmd",
  kind = { { 0, "k", 0 } }
}
{
  event = "msg_showcmd",
  kind = { { 0, "5", 0 } }
}
{
  event = "msg_showcmd",
  kind = { { 0, "k", 0 } }
}
{
  event = "msg_showcmd",
  kind = { { 0, "6", 0 } }
}
{
  event = "msg_showcmd",
  kind = { { 0, "k", 0 } }
}
{
  event = "msg_showcmd",
  kind = { { 0, "7", 0 } }
}
{
  event = "msg_showcmd",
  kind = { { 0, "k", 0 } }
}
{
  event = "msg_showcmd",
  kind = { { 0, "8", 0 } }
}
{
  event = "msg_showcmd",
  kind = { { 0, "8", 0 } }
}
{
  event = "msg_showcmd",
  kind = { { 0, "8", 0 } }
}
{
  event = "msg_showcmd",
  kind = { { 0, "g", 0 } }
}
{
  event = "msg_showcmd",
  kind = {}
}
{
  event = "msg_showcmd",
  kind = { { 0, "g@", 0 } }
}
{
  event = "msg_showcmd",
  kind = {}
}
{
  event = "msg_showcmd",
  kind = { { 0, "j", 0 } }
}
{
  event = "msg_showcmd",
  kind = {}
}
{
  event = "msg_showcmd",
  kind = { { 0, "k", 0 } }
}
{
  event = "msg_showcmd",
  kind = {}
}
{ 20, ":", "", 0, 1, 0,
  event = "cmdline_show",
  kind = { { 0, "silent wa | silent w" } }
}
{ false,
  event = "cmdline_hide",
  kind = 1
}
{
  event = "msg_showcmd",
  kind = { { 0, "j", 0 } }
}
{
  event = "msg_showcmd",
  kind = {}
}
{
  event = "msg_showcmd",
  kind = { { 0, "k", 0 } }
}
{
  event = "msg_showcmd",
  kind = {}
}
{
  event = "msg_showcmd",
  kind = { { 0, "j", 0 } }
}
{
  event = "msg_showcmd",
  kind = {}
}
{
  event = "msg_showcmd",
  kind = { { 0, "k", 0 } }
}
{
  event = "msg_showcmd",
  kind = {}
}
{
  event = "msg_showcmd",
  kind = { { 0, "k", 0 } }
}
{
  event = "msg_showcmd",
  kind = {}
}
{
  event = "msg_showcmd",
  kind = { { 0, "d", 0 } }
}
{
  event = "msg_showcmd",
  kind = {}
}
{
  event = "msg_showcmd",
  kind = { { 0, "dd", 0 } }
}
{
  event = "msg_showcmd",
  kind = {}
}
{
  event = "msg_showcmd",
  kind = { { 0, "j", 0 } }
}
{
  event = "msg_showcmd",
  kind = {}
}
{
  event = "msg_showcmd",
  kind = { { 0, "k", 0 } }
}
{
  event = "msg_showcmd",
  kind = {}
}
{
  event = "msg_showcmd",
  kind = { { 0, ":", 0 } }
}
{ 0, ":", "", 0, 1, 0,
  event = "cmdline_show",
  kind = { { 0, "" } }
}
{ 1, ":", "", 0, 1, 0,
  event = "cmdline_show",
  kind = { { 0, "w" } }
}
{ 2, ":", "", 0, 1, 0,
  event = "cmdline_show",
  kind = { { 0, "wq" } }
}
{ 3, ":", "", 0, 1, 0,
  event = "cmdline_show",
  kind = { { 0, "wqa" } }
}
{ false,
  event = "cmdline_hide",
  kind = 1
}
{ { { 0, '"after/plugin/noice.lua" ', 0 } }, false, false,
  event = "msg_show",
  kind = "bufwrite"
}
{ { { 0, '"after/plugin/noice.lua" 43L, 1108B written', 0 } }, true, true,
  event = "msg_show",
  kind = "bufwrite"
}
